20:18:20,616 DEBUG SQL:92 - insert into message (TEXT) values (?)
20:18:20,660 TRACE BasicBinder:65 - binding parameter [1] as [VARCHAR] - [Hello World with Hibernate & JPA Annotations]
20:19:36,934 DEBUG IntegratorServiceImpl:46 - Adding Integrator [org.hibernate.cfg.beanvalidation.BeanValidationIntegrator].
20:19:36,950 DEBUG IntegratorServiceImpl:46 - Adding Integrator [org.hibernate.secure.spi.JaccIntegrator].
20:19:36,950 DEBUG IntegratorServiceImpl:46 - Adding Integrator [org.hibernate.cache.internal.CollectionCacheInvalidator].
20:19:36,988 TRACE StrategySelectorImpl:66 - Registering named strategy selector [org.hibernate.dialect.Dialect] : [Cache71] -> [org.hibernate.dialect.Cache71Dialect]
20:19:36,988 TRACE StrategySelectorImpl:66 - Registering named strategy selector [org.hibernate.dialect.Dialect] : [CUBRID] -> [org.hibernate.dialect.CUBRIDDialect]
20:19:36,988 TRACE StrategySelectorImpl:66 - Registering named strategy selector [org.hibernate.dialect.Dialect] : [DB2] -> [org.hibernate.dialect.DB2Dialect]
20:19:36,988 TRACE StrategySelectorImpl:66 - Registering named strategy selector [org.hibernate.dialect.Dialect] : [DB2390] -> [org.hibernate.dialect.DB2390Dialect]
20:19:36,988 TRACE StrategySelectorImpl:66 - Registering named strategy selector [org.hibernate.dialect.Dialect] : [DB2390V8] -> [org.hibernate.dialect.DB2390V8Dialect]
20:19:36,988 TRACE StrategySelectorImpl:66 - Registering named strategy selector [org.hibernate.dialect.Dialect] : [DB2400] -> [org.hibernate.dialect.DB2400Dialect]
20:19:36,988 TRACE StrategySelectorImpl:66 - Registering named strategy selector [org.hibernate.dialect.Dialect] : [DerbyTenFive] -> [org.hibernate.dialect.DerbyTenFiveDialect]
20:19:36,988 TRACE StrategySelectorImpl:66 - Registering named strategy selector [org.hibernate.dialect.Dialect] : [DerbyTenSix] -> [org.hibernate.dialect.DerbyTenSixDialect]
20:19:36,988 TRACE StrategySelectorImpl:66 - Registering named strategy selector [org.hibernate.dialect.Dialect] : [DerbyTenSeven] -> [org.hibernate.dialect.DerbyTenSevenDialect]
20:19:36,988 TRACE StrategySelectorImpl:66 - Registering named strategy selector [org.hibernate.dialect.Dialect] : [Firebird] -> [org.hibernate.dialect.FirebirdDialect]
20:19:36,988 TRACE StrategySelectorImpl:66 - Registering named strategy selector [org.hibernate.dialect.Dialect] : [FrontBase] -> [org.hibernate.dialect.FrontBaseDialect]
20:19:36,988 TRACE StrategySelectorImpl:66 - Registering named strategy selector [org.hibernate.dialect.Dialect] : [H2] -> [org.hibernate.dialect.H2Dialect]
20:19:36,988 TRACE StrategySelectorImpl:66 - Registering named strategy selector [org.hibernate.dialect.Dialect] : [HANAColumnStore] -> [org.hibernate.dialect.HANAColumnStoreDialect]
20:19:36,988 TRACE StrategySelectorImpl:66 - Registering named strategy selector [org.hibernate.dialect.Dialect] : [HANARowStore] -> [org.hibernate.dialect.HANARowStoreDialect]
20:19:36,988 TRACE StrategySelectorImpl:66 - Registering named strategy selector [org.hibernate.dialect.Dialect] : [HSQL] -> [org.hibernate.dialect.HSQLDialect]
20:19:37,003 TRACE StrategySelectorImpl:66 - Registering named strategy selector [org.hibernate.dialect.Dialect] : [Informix] -> [org.hibernate.dialect.InformixDialect]
20:19:37,003 TRACE StrategySelectorImpl:66 - Registering named strategy selector [org.hibernate.dialect.Dialect] : [Ingres] -> [org.hibernate.dialect.IngresDialect]
20:19:37,003 TRACE StrategySelectorImpl:66 - Registering named strategy selector [org.hibernate.dialect.Dialect] : [Ingres9] -> [org.hibernate.dialect.Ingres9Dialect]
20:19:37,003 TRACE StrategySelectorImpl:66 - Registering named strategy selector [org.hibernate.dialect.Dialect] : [Ingres10] -> [org.hibernate.dialect.Ingres10Dialect]
20:19:37,003 TRACE StrategySelectorImpl:66 - Registering named strategy selector [org.hibernate.dialect.Dialect] : [Interbase] -> [org.hibernate.dialect.InterbaseDialect]
20:19:37,003 TRACE StrategySelectorImpl:66 - Registering named strategy selector [org.hibernate.dialect.Dialect] : [JDataStore] -> [org.hibernate.dialect.JDataStoreDialect]
20:19:37,003 TRACE StrategySelectorImpl:66 - Registering named strategy selector [org.hibernate.dialect.Dialect] : [Mckoi] -> [org.hibernate.dialect.MckoiDialect]
20:19:37,003 TRACE StrategySelectorImpl:66 - Registering named strategy selector [org.hibernate.dialect.Dialect] : [MimerSQL] -> [org.hibernate.dialect.MimerSQLDialect]
20:19:37,003 TRACE StrategySelectorImpl:66 - Registering named strategy selector [org.hibernate.dialect.Dialect] : [MySQL5] -> [org.hibernate.dialect.MySQL5Dialect]
20:19:37,003 TRACE StrategySelectorImpl:66 - Registering named strategy selector [org.hibernate.dialect.Dialect] : [MySQL5InnoDB] -> [org.hibernate.dialect.MySQL5InnoDBDialect]
20:19:37,003 TRACE StrategySelectorImpl:66 - Registering named strategy selector [org.hibernate.dialect.Dialect] : [MySQL57InnoDB] -> [org.hibernate.dialect.MySQL57InnoDBDialect]
20:19:37,003 TRACE StrategySelectorImpl:66 - Registering named strategy selector [org.hibernate.dialect.Dialect] : [MySQL57] -> [org.hibernate.dialect.MySQL57Dialect]
20:19:37,003 TRACE StrategySelectorImpl:66 - Registering named strategy selector [org.hibernate.dialect.Dialect] : [Oracle8i] -> [org.hibernate.dialect.Oracle8iDialect]
20:19:37,003 TRACE StrategySelectorImpl:66 - Registering named strategy selector [org.hibernate.dialect.Dialect] : [Oracle9i] -> [org.hibernate.dialect.Oracle9iDialect]
20:19:37,003 TRACE StrategySelectorImpl:66 - Registering named strategy selector [org.hibernate.dialect.Dialect] : [Oracle10g] -> [org.hibernate.dialect.Oracle10gDialect]
20:19:37,003 TRACE StrategySelectorImpl:66 - Registering named strategy selector [org.hibernate.dialect.Dialect] : [Pointbase] -> [org.hibernate.dialect.PointbaseDialect]
20:19:37,003 TRACE StrategySelectorImpl:66 - Registering named strategy selector [org.hibernate.dialect.Dialect] : [PostgresPlus] -> [org.hibernate.dialect.PostgresPlusDialect]
20:19:37,003 TRACE StrategySelectorImpl:66 - Registering named strategy selector [org.hibernate.dialect.Dialect] : [PostgreSQL81] -> [org.hibernate.dialect.PostgreSQL81Dialect]
20:19:37,003 TRACE StrategySelectorImpl:66 - Registering named strategy selector [org.hibernate.dialect.Dialect] : [PostgreSQL82] -> [org.hibernate.dialect.PostgreSQL82Dialect]
20:19:37,003 TRACE StrategySelectorImpl:66 - Registering named strategy selector [org.hibernate.dialect.Dialect] : [PostgreSQL9] -> [org.hibernate.dialect.PostgreSQL9Dialect]
20:19:37,003 TRACE StrategySelectorImpl:66 - Registering named strategy selector [org.hibernate.dialect.Dialect] : [Progress] -> [org.hibernate.dialect.ProgressDialect]
20:19:37,003 TRACE StrategySelectorImpl:66 - Registering named strategy selector [org.hibernate.dialect.Dialect] : [SAPDB] -> [org.hibernate.dialect.SAPDBDialect]
20:19:37,003 TRACE StrategySelectorImpl:66 - Registering named strategy selector [org.hibernate.dialect.Dialect] : [SQLServer] -> [org.hibernate.dialect.SQLServerDialect]
20:19:37,003 TRACE StrategySelectorImpl:66 - Registering named strategy selector [org.hibernate.dialect.Dialect] : [SQLServer2005] -> [org.hibernate.dialect.SQLServer2005Dialect]
20:19:37,003 TRACE StrategySelectorImpl:66 - Registering named strategy selector [org.hibernate.dialect.Dialect] : [SQLServer2008] -> [org.hibernate.dialect.SQLServer2008Dialect]
20:19:37,003 TRACE StrategySelectorImpl:66 - Registering named strategy selector [org.hibernate.dialect.Dialect] : [Sybase11] -> [org.hibernate.dialect.Sybase11Dialect]
20:19:37,003 TRACE StrategySelectorImpl:66 - Registering named strategy selector [org.hibernate.dialect.Dialect] : [SybaseAnywhere] -> [org.hibernate.dialect.SybaseAnywhereDialect]
20:19:37,003 TRACE StrategySelectorImpl:66 - Registering named strategy selector [org.hibernate.dialect.Dialect] : [SybaseASE15] -> [org.hibernate.dialect.SybaseASE15Dialect]
20:19:37,003 TRACE StrategySelectorImpl:66 - Registering named strategy selector [org.hibernate.dialect.Dialect] : [SybaseASE157] -> [org.hibernate.dialect.SybaseASE157Dialect]
20:19:37,003 TRACE StrategySelectorImpl:66 - Registering named strategy selector [org.hibernate.dialect.Dialect] : [Teradata] -> [org.hibernate.dialect.TeradataDialect]
20:19:37,003 TRACE StrategySelectorImpl:66 - Registering named strategy selector [org.hibernate.dialect.Dialect] : [TimesTen] -> [org.hibernate.dialect.TimesTenDialect]
20:19:37,019 TRACE StrategySelectorImpl:66 - Registering named strategy selector [org.hibernate.engine.transaction.jta.platform.spi.JtaPlatform] : [Borland] -> [org.hibernate.engine.transaction.jta.platform.internal.BorlandEnterpriseServerJtaPlatform]
20:19:37,019 TRACE StrategySelectorImpl:66 - Registering named strategy selector [org.hibernate.engine.transaction.jta.platform.spi.JtaPlatform] : [org.hibernate.service.jta.platform.internal.BorlandEnterpriseServerJtaPlatform] -> [org.hibernate.engine.transaction.jta.platform.internal.BorlandEnterpriseServerJtaPlatform]
20:19:37,019 TRACE StrategySelectorImpl:66 - Registering named strategy selector [org.hibernate.engine.transaction.jta.platform.spi.JtaPlatform] : [Bitronix] -> [org.hibernate.engine.transaction.jta.platform.internal.BitronixJtaPlatform]
20:19:37,019 TRACE StrategySelectorImpl:66 - Registering named strategy selector [org.hibernate.engine.transaction.jta.platform.spi.JtaPlatform] : [org.hibernate.service.jta.platform.internal.BitronixJtaPlatform] -> [org.hibernate.engine.transaction.jta.platform.internal.BitronixJtaPlatform]
20:19:37,019 TRACE StrategySelectorImpl:66 - Registering named strategy selector [org.hibernate.engine.transaction.jta.platform.spi.JtaPlatform] : [JBossAS] -> [org.hibernate.engine.transaction.jta.platform.internal.JBossAppServerJtaPlatform]
20:19:37,019 TRACE StrategySelectorImpl:66 - Registering named strategy selector [org.hibernate.engine.transaction.jta.platform.spi.JtaPlatform] : [org.hibernate.service.jta.platform.internal.JBossAppServerJtaPlatform] -> [org.hibernate.engine.transaction.jta.platform.internal.JBossAppServerJtaPlatform]
20:19:37,019 TRACE StrategySelectorImpl:66 - Registering named strategy selector [org.hibernate.engine.transaction.jta.platform.spi.JtaPlatform] : [JBossTS] -> [org.hibernate.engine.transaction.jta.platform.internal.JBossStandAloneJtaPlatform]
20:19:37,019 TRACE StrategySelectorImpl:66 - Registering named strategy selector [org.hibernate.engine.transaction.jta.platform.spi.JtaPlatform] : [org.hibernate.service.jta.platform.internal.JBossStandAloneJtaPlatform] -> [org.hibernate.engine.transaction.jta.platform.internal.JBossStandAloneJtaPlatform]
20:19:37,019 TRACE StrategySelectorImpl:66 - Registering named strategy selector [org.hibernate.engine.transaction.jta.platform.spi.JtaPlatform] : [JOnAS] -> [org.hibernate.engine.transaction.jta.platform.internal.JOnASJtaPlatform]
20:19:37,019 TRACE StrategySelectorImpl:66 - Registering named strategy selector [org.hibernate.engine.transaction.jta.platform.spi.JtaPlatform] : [org.hibernate.service.jta.platform.internal.JOnASJtaPlatform] -> [org.hibernate.engine.transaction.jta.platform.internal.JOnASJtaPlatform]
20:19:37,019 TRACE StrategySelectorImpl:66 - Registering named strategy selector [org.hibernate.engine.transaction.jta.platform.spi.JtaPlatform] : [JOTM] -> [org.hibernate.engine.transaction.jta.platform.internal.JOTMJtaPlatform]
20:19:37,019 TRACE StrategySelectorImpl:66 - Registering named strategy selector [org.hibernate.engine.transaction.jta.platform.spi.JtaPlatform] : [org.hibernate.service.jta.platform.internal.JOTMJtaPlatform] -> [org.hibernate.engine.transaction.jta.platform.internal.JOTMJtaPlatform]
20:19:37,019 TRACE StrategySelectorImpl:66 - Registering named strategy selector [org.hibernate.engine.transaction.jta.platform.spi.JtaPlatform] : [JRun4] -> [org.hibernate.engine.transaction.jta.platform.internal.JRun4JtaPlatform]
20:19:37,019 TRACE StrategySelectorImpl:66 - Registering named strategy selector [org.hibernate.engine.transaction.jta.platform.spi.JtaPlatform] : [org.hibernate.service.jta.platform.internal.JRun4JtaPlatform] -> [org.hibernate.engine.transaction.jta.platform.internal.JRun4JtaPlatform]
20:19:37,019 TRACE StrategySelectorImpl:66 - Registering named strategy selector [org.hibernate.engine.transaction.jta.platform.spi.JtaPlatform] : [OC4J] -> [org.hibernate.engine.transaction.jta.platform.internal.OC4JJtaPlatform]
20:19:37,019 TRACE StrategySelectorImpl:66 - Registering named strategy selector [org.hibernate.engine.transaction.jta.platform.spi.JtaPlatform] : [org.hibernate.service.jta.platform.internal.OC4JJtaPlatform] -> [org.hibernate.engine.transaction.jta.platform.internal.OC4JJtaPlatform]
20:19:37,019 TRACE StrategySelectorImpl:66 - Registering named strategy selector [org.hibernate.engine.transaction.jta.platform.spi.JtaPlatform] : [Orion] -> [org.hibernate.engine.transaction.jta.platform.internal.OrionJtaPlatform]
20:19:37,019 TRACE StrategySelectorImpl:66 - Registering named strategy selector [org.hibernate.engine.transaction.jta.platform.spi.JtaPlatform] : [org.hibernate.service.jta.platform.internal.OrionJtaPlatform] -> [org.hibernate.engine.transaction.jta.platform.internal.OrionJtaPlatform]
20:19:37,019 TRACE StrategySelectorImpl:66 - Registering named strategy selector [org.hibernate.engine.transaction.jta.platform.spi.JtaPlatform] : [Resin] -> [org.hibernate.engine.transaction.jta.platform.internal.ResinJtaPlatform]
20:19:37,019 TRACE StrategySelectorImpl:66 - Registering named strategy selector [org.hibernate.engine.transaction.jta.platform.spi.JtaPlatform] : [org.hibernate.service.jta.platform.internal.ResinJtaPlatform] -> [org.hibernate.engine.transaction.jta.platform.internal.ResinJtaPlatform]
20:19:37,019 TRACE StrategySelectorImpl:66 - Registering named strategy selector [org.hibernate.engine.transaction.jta.platform.spi.JtaPlatform] : [SapNetWeaver] -> [org.hibernate.engine.transaction.jta.platform.internal.SapNetWeaverJtaPlatform]
20:19:37,019 TRACE StrategySelectorImpl:66 - Registering named strategy selector [org.hibernate.engine.transaction.jta.platform.spi.JtaPlatform] : [org.hibernate.service.jta.platform.internal.SapNetWeaverJtaPlatform] -> [org.hibernate.engine.transaction.jta.platform.internal.SapNetWeaverJtaPlatform]
20:19:37,019 TRACE StrategySelectorImpl:66 - Registering named strategy selector [org.hibernate.engine.transaction.jta.platform.spi.JtaPlatform] : [SunOne] -> [org.hibernate.engine.transaction.jta.platform.internal.SunOneJtaPlatform]
20:19:37,019 TRACE StrategySelectorImpl:66 - Registering named strategy selector [org.hibernate.engine.transaction.jta.platform.spi.JtaPlatform] : [org.hibernate.service.jta.platform.internal.SunOneJtaPlatform] -> [org.hibernate.engine.transaction.jta.platform.internal.SunOneJtaPlatform]
20:19:37,019 TRACE StrategySelectorImpl:66 - Registering named strategy selector [org.hibernate.engine.transaction.jta.platform.spi.JtaPlatform] : [Weblogic] -> [org.hibernate.engine.transaction.jta.platform.internal.WeblogicJtaPlatform]
20:19:37,019 TRACE StrategySelectorImpl:66 - Registering named strategy selector [org.hibernate.engine.transaction.jta.platform.spi.JtaPlatform] : [org.hibernate.service.jta.platform.internal.WeblogicJtaPlatform] -> [org.hibernate.engine.transaction.jta.platform.internal.WeblogicJtaPlatform]
20:19:37,019 TRACE StrategySelectorImpl:66 - Registering named strategy selector [org.hibernate.engine.transaction.jta.platform.spi.JtaPlatform] : [WebSphere] -> [org.hibernate.engine.transaction.jta.platform.internal.WebSphereJtaPlatform]
20:19:37,019 TRACE StrategySelectorImpl:66 - Registering named strategy selector [org.hibernate.engine.transaction.jta.platform.spi.JtaPlatform] : [org.hibernate.service.jta.platform.internal.WebSphereJtaPlatform] -> [org.hibernate.engine.transaction.jta.platform.internal.WebSphereJtaPlatform]
20:19:37,019 TRACE StrategySelectorImpl:66 - Registering named strategy selector [org.hibernate.engine.transaction.jta.platform.spi.JtaPlatform] : [WebSphereExtended] -> [org.hibernate.engine.transaction.jta.platform.internal.WebSphereExtendedJtaPlatform]
20:19:37,019 TRACE StrategySelectorImpl:66 - Registering named strategy selector [org.hibernate.engine.transaction.jta.platform.spi.JtaPlatform] : [org.hibernate.service.jta.platform.internal.WebSphereExtendedJtaPlatform] -> [org.hibernate.engine.transaction.jta.platform.internal.WebSphereExtendedJtaPlatform]
20:19:37,019 TRACE StrategySelectorImpl:66 - Registering named strategy selector [org.hibernate.resource.transaction.spi.TransactionCoordinatorBuilder] : [jdbc] -> [org.hibernate.resource.transaction.backend.jdbc.internal.JdbcResourceLocalTransactionCoordinatorBuilderImpl]
20:19:37,019 TRACE StrategySelectorImpl:66 - Registering named strategy selector [org.hibernate.resource.transaction.spi.TransactionCoordinatorBuilder] : [jta] -> [org.hibernate.resource.transaction.backend.jta.internal.JtaTransactionCoordinatorBuilderImpl]
20:19:37,019 TRACE StrategySelectorImpl:66 - Registering named strategy selector [org.hibernate.resource.transaction.spi.TransactionCoordinatorBuilder] : [org.hibernate.transaction.JDBCTransactionFactory] -> [org.hibernate.resource.transaction.backend.jdbc.internal.JdbcResourceLocalTransactionCoordinatorBuilderImpl]
20:19:37,019 TRACE StrategySelectorImpl:66 - Registering named strategy selector [org.hibernate.resource.transaction.spi.TransactionCoordinatorBuilder] : [org.hibernate.transaction.JTATransactionFactory] -> [org.hibernate.resource.transaction.backend.jta.internal.JtaTransactionCoordinatorBuilderImpl]
20:19:37,019 TRACE StrategySelectorImpl:66 - Registering named strategy selector [org.hibernate.resource.transaction.spi.TransactionCoordinatorBuilder] : [org.hibernate.transaction.CMTTransactionFactory] -> [org.hibernate.resource.transaction.backend.jta.internal.JtaTransactionCoordinatorBuilderImpl]
20:19:37,019 TRACE StrategySelectorImpl:66 - Registering named strategy selector [org.hibernate.hql.spi.id.MultiTableBulkIdStrategy] : [persistent] -> [org.hibernate.hql.spi.id.persistent.PersistentTableBulkIdStrategy]
20:19:37,019 TRACE StrategySelectorImpl:66 - Registering named strategy selector [org.hibernate.hql.spi.id.MultiTableBulkIdStrategy] : [global_temporary] -> [org.hibernate.hql.spi.id.global.GlobalTemporaryTableBulkIdStrategy]
20:19:37,019 TRACE StrategySelectorImpl:66 - Registering named strategy selector [org.hibernate.hql.spi.id.MultiTableBulkIdStrategy] : [local_temporary] -> [org.hibernate.hql.spi.id.local.LocalTemporaryTableBulkIdStrategy]
20:19:37,019 TRACE StrategySelectorImpl:66 - Registering named strategy selector [org.hibernate.event.spi.EntityCopyObserver] : [disallow] -> [org.hibernate.event.internal.EntityCopyNotAllowedObserver]
20:19:37,019 TRACE StrategySelectorImpl:66 - Registering named strategy selector [org.hibernate.event.spi.EntityCopyObserver] : [allow] -> [org.hibernate.event.internal.EntityCopyAllowedObserver]
20:19:37,019 TRACE StrategySelectorImpl:66 - Registering named strategy selector [org.hibernate.event.spi.EntityCopyObserver] : [log] -> [org.hibernate.event.internal.EntityCopyAllowedLoggedObserver]
20:19:37,019 TRACE StrategySelectorImpl:66 - Registering named strategy selector [org.hibernate.boot.model.naming.ImplicitNamingStrategy] : [default] -> [org.hibernate.boot.model.naming.ImplicitNamingStrategyJpaCompliantImpl]
20:19:37,019 TRACE StrategySelectorImpl:66 - Registering named strategy selector [org.hibernate.boot.model.naming.ImplicitNamingStrategy] : [jpa] -> [org.hibernate.boot.model.naming.ImplicitNamingStrategyJpaCompliantImpl]
20:19:37,019 TRACE StrategySelectorImpl:66 - Registering named strategy selector [org.hibernate.boot.model.naming.ImplicitNamingStrategy] : [legacy-jpa] -> [org.hibernate.boot.model.naming.ImplicitNamingStrategyLegacyJpaImpl]
20:19:37,019 TRACE StrategySelectorImpl:66 - Registering named strategy selector [org.hibernate.boot.model.naming.ImplicitNamingStrategy] : [legacy-hbm] -> [org.hibernate.boot.model.naming.ImplicitNamingStrategyLegacyHbmImpl]
20:19:37,035 TRACE StrategySelectorImpl:66 - Registering named strategy selector [org.hibernate.boot.model.naming.ImplicitNamingStrategy] : [component-path] -> [org.hibernate.boot.model.naming.ImplicitNamingStrategyComponentPathImpl]
20:19:37,035 TRACE StrategySelectorImpl:66 - Registering named strategy selector [org.hibernate.cache.spi.CacheKeysFactory] : [default] -> [org.hibernate.cache.internal.DefaultCacheKeysFactory]
20:19:37,035 TRACE StrategySelectorImpl:66 - Registering named strategy selector [org.hibernate.cache.spi.CacheKeysFactory] : [simple] -> [org.hibernate.cache.internal.SimpleCacheKeysFactory]
20:19:37,050  INFO Version:45 - HHH000412: Hibernate Core {5.2.12.Final}
20:19:37,050  INFO Environment:213 - HHH000206: hibernate.properties not found
20:19:37,050 TRACE ClassLoaderServiceImpl:393 - trying via [new URL("hibernate.cfg.xml")]
20:19:37,050 TRACE ClassLoaderServiceImpl:400 - trying via [ClassLoader.getResourceAsStream("hibernate.cfg.xml")]
20:19:37,072 TRACE LocalXmlResourceResolver:35 - In resolveEntity(-//Hibernate/Hibernate Configuration DTD 3.0//EN, http://www.hibernate.org/dtd/hibernate-configuration-3.0.dtd, null, null)
20:19:37,072 DEBUG LocalXmlResourceResolver:57 - Interpreting public/system identifier : [-//Hibernate/Hibernate Configuration DTD 3.0//EN] - [http://www.hibernate.org/dtd/hibernate-configuration-3.0.dtd]
20:19:37,072 DEBUG LocalXmlResourceResolver:85 - Recognized hibernate-configuration identifier; attempting to resolve on classpath under org/hibernate/
20:19:37,072 DEBUG JaxbCfgProcessor:116 - cfg.xml document did not define namespaces; wrapping in custom event reader to introduce namespace information
20:19:37,204 DEBUG ServiceBinding:68 - Overriding existing service binding [org.hibernate.secure.spi.JaccService]
20:19:37,219 TRACE AbstractServiceRegistryImpl:229 - Initializing service [role=org.hibernate.engine.config.spi.ConfigurationService]
20:19:37,235 TRACE AbstractServiceRegistryImpl:229 - Initializing service [role=org.hibernate.cache.spi.RegionFactory]
20:19:37,235 DEBUG RegionFactoryInitiator:75 - Cache region factory : org.hibernate.cache.internal.NoCachingRegionFactory
20:19:37,235  INFO Version:66 - HCANN000001: Hibernate Commons Annotations {5.0.1.Final}
20:19:37,235 TRACE AbstractServiceRegistryImpl:229 - Initializing service [role=org.hibernate.boot.cfgxml.spi.CfgXmlAccessService]
20:19:37,251 DEBUG BasicTypeRegistry:145 - Adding type registration boolean -> org.hibernate.type.BooleanType@eafc191
20:19:37,251 DEBUG BasicTypeRegistry:145 - Adding type registration boolean -> org.hibernate.type.BooleanType@eafc191
20:19:37,251 DEBUG BasicTypeRegistry:145 - Adding type registration java.lang.Boolean -> org.hibernate.type.BooleanType@eafc191
20:19:37,251 DEBUG BasicTypeRegistry:145 - Adding type registration numeric_boolean -> org.hibernate.type.NumericBooleanType@e720b71
20:19:37,251 DEBUG BasicTypeRegistry:145 - Adding type registration true_false -> org.hibernate.type.TrueFalseType@757942a1
20:19:37,251 DEBUG BasicTypeRegistry:145 - Adding type registration yes_no -> org.hibernate.type.YesNoType@8646db9
20:19:37,251 DEBUG BasicTypeRegistry:145 - Adding type registration byte -> org.hibernate.type.ByteType@52f759d7
20:19:37,251 DEBUG BasicTypeRegistry:145 - Adding type registration byte -> org.hibernate.type.ByteType@52f759d7
20:19:37,251 DEBUG BasicTypeRegistry:145 - Adding type registration java.lang.Byte -> org.hibernate.type.ByteType@52f759d7
20:19:37,251 DEBUG BasicTypeRegistry:145 - Adding type registration character -> org.hibernate.type.CharacterType@43bd930a
20:19:37,251 DEBUG BasicTypeRegistry:145 - Adding type registration char -> org.hibernate.type.CharacterType@43bd930a
20:19:37,251 DEBUG BasicTypeRegistry:145 - Adding type registration java.lang.Character -> org.hibernate.type.CharacterType@43bd930a
20:19:37,251 DEBUG BasicTypeRegistry:145 - Adding type registration short -> org.hibernate.type.ShortType@8e24743
20:19:37,251 DEBUG BasicTypeRegistry:145 - Adding type registration short -> org.hibernate.type.ShortType@8e24743
20:19:37,251 DEBUG BasicTypeRegistry:145 - Adding type registration java.lang.Short -> org.hibernate.type.ShortType@8e24743
20:19:37,251 DEBUG BasicTypeRegistry:145 - Adding type registration integer -> org.hibernate.type.IntegerType@4e718207
20:19:37,251 DEBUG BasicTypeRegistry:145 - Adding type registration int -> org.hibernate.type.IntegerType@4e718207
20:19:37,266 DEBUG BasicTypeRegistry:145 - Adding type registration java.lang.Integer -> org.hibernate.type.IntegerType@4e718207
20:19:37,267 DEBUG BasicTypeRegistry:145 - Adding type registration long -> org.hibernate.type.LongType@c81cdd1
20:19:37,267 DEBUG BasicTypeRegistry:145 - Adding type registration long -> org.hibernate.type.LongType@c81cdd1
20:19:37,268 DEBUG BasicTypeRegistry:145 - Adding type registration java.lang.Long -> org.hibernate.type.LongType@c81cdd1
20:19:37,270 DEBUG BasicTypeRegistry:145 - Adding type registration float -> org.hibernate.type.FloatType@2de8284b
20:19:37,270 DEBUG BasicTypeRegistry:145 - Adding type registration float -> org.hibernate.type.FloatType@2de8284b
20:19:37,270 DEBUG BasicTypeRegistry:145 - Adding type registration java.lang.Float -> org.hibernate.type.FloatType@2de8284b
20:19:37,271 DEBUG BasicTypeRegistry:145 - Adding type registration double -> org.hibernate.type.DoubleType@4fb64261
20:19:37,271 DEBUG BasicTypeRegistry:145 - Adding type registration double -> org.hibernate.type.DoubleType@4fb64261
20:19:37,271 DEBUG BasicTypeRegistry:145 - Adding type registration java.lang.Double -> org.hibernate.type.DoubleType@4fb64261
20:19:37,272 DEBUG BasicTypeRegistry:145 - Adding type registration big_decimal -> org.hibernate.type.BigDecimalType@2e3fc542
20:19:37,272 DEBUG BasicTypeRegistry:145 - Adding type registration java.math.BigDecimal -> org.hibernate.type.BigDecimalType@2e3fc542
20:19:37,272 DEBUG BasicTypeRegistry:145 - Adding type registration big_integer -> org.hibernate.type.BigIntegerType@1786f9d5
20:19:37,272 DEBUG BasicTypeRegistry:145 - Adding type registration java.math.BigInteger -> org.hibernate.type.BigIntegerType@1786f9d5
20:19:37,272 DEBUG BasicTypeRegistry:145 - Adding type registration string -> org.hibernate.type.StringType@3578436e
20:19:37,272 DEBUG BasicTypeRegistry:145 - Adding type registration java.lang.String -> org.hibernate.type.StringType@3578436e
20:19:37,272 DEBUG BasicTypeRegistry:145 - Adding type registration nstring -> org.hibernate.type.StringNVarcharType@47db50c5
20:19:37,272 DEBUG BasicTypeRegistry:145 - Adding type registration ncharacter -> org.hibernate.type.CharacterNCharType@710726a3
20:19:37,272 DEBUG BasicTypeRegistry:145 - Adding type registration url -> org.hibernate.type.UrlType@545997b1
20:19:37,272 DEBUG BasicTypeRegistry:145 - Adding type registration java.net.URL -> org.hibernate.type.UrlType@545997b1
20:19:37,272 DEBUG BasicTypeRegistry:145 - Adding type registration Duration -> org.hibernate.type.DurationType@2641e737
20:19:37,272 DEBUG BasicTypeRegistry:145 - Adding type registration java.time.Duration -> org.hibernate.type.DurationType@2641e737
20:19:37,272 DEBUG BasicTypeRegistry:145 - Adding type registration Instant -> org.hibernate.type.InstantType@281e3708
20:19:37,272 DEBUG BasicTypeRegistry:145 - Adding type registration java.time.Instant -> org.hibernate.type.InstantType@281e3708
20:19:37,272 DEBUG BasicTypeRegistry:145 - Adding type registration LocalDateTime -> org.hibernate.type.LocalDateTimeType@4516af24
20:19:37,272 DEBUG BasicTypeRegistry:145 - Adding type registration java.time.LocalDateTime -> org.hibernate.type.LocalDateTimeType@4516af24
20:19:37,272 DEBUG BasicTypeRegistry:145 - Adding type registration LocalDate -> org.hibernate.type.LocalDateType@44a3ec6b
20:19:37,288 DEBUG BasicTypeRegistry:145 - Adding type registration java.time.LocalDate -> org.hibernate.type.LocalDateType@44a3ec6b
20:19:37,288 DEBUG BasicTypeRegistry:145 - Adding type registration LocalTime -> org.hibernate.type.LocalTimeType@134593bf
20:19:37,288 DEBUG BasicTypeRegistry:145 - Adding type registration java.time.LocalTime -> org.hibernate.type.LocalTimeType@134593bf
20:19:37,288 DEBUG BasicTypeRegistry:145 - Adding type registration OffsetDateTime -> org.hibernate.type.OffsetDateTimeType@7dc222ae
20:19:37,288 DEBUG BasicTypeRegistry:145 - Adding type registration java.time.OffsetDateTime -> org.hibernate.type.OffsetDateTimeType@7dc222ae
20:19:37,288 DEBUG BasicTypeRegistry:145 - Adding type registration OffsetTime -> org.hibernate.type.OffsetTimeType@b9afc07
20:19:37,288 DEBUG BasicTypeRegistry:145 - Adding type registration java.time.OffsetTime -> org.hibernate.type.OffsetTimeType@b9afc07
20:19:37,288 DEBUG BasicTypeRegistry:145 - Adding type registration ZonedDateTime -> org.hibernate.type.ZonedDateTimeType@48a242ce
20:19:37,288 DEBUG BasicTypeRegistry:145 - Adding type registration java.time.ZonedDateTime -> org.hibernate.type.ZonedDateTimeType@48a242ce
20:19:37,288 DEBUG BasicTypeRegistry:145 - Adding type registration date -> org.hibernate.type.DateType@1ad282e0
20:19:37,288 DEBUG BasicTypeRegistry:145 - Adding type registration java.sql.Date -> org.hibernate.type.DateType@1ad282e0
20:19:37,288 DEBUG BasicTypeRegistry:145 - Adding type registration time -> org.hibernate.type.TimeType@2473b9ce
20:19:37,288 DEBUG BasicTypeRegistry:145 - Adding type registration java.sql.Time -> org.hibernate.type.TimeType@2473b9ce
20:19:37,288 DEBUG BasicTypeRegistry:145 - Adding type registration timestamp -> org.hibernate.type.TimestampType@71d15f18
20:19:37,288 DEBUG BasicTypeRegistry:145 - Adding type registration java.sql.Timestamp -> org.hibernate.type.TimestampType@71d15f18
20:19:37,288 DEBUG BasicTypeRegistry:145 - Adding type registration java.util.Date -> org.hibernate.type.TimestampType@71d15f18
20:19:37,288 DEBUG BasicTypeRegistry:145 - Adding type registration dbtimestamp -> org.hibernate.type.DbTimestampType@de3a06f
20:19:37,288 DEBUG BasicTypeRegistry:145 - Adding type registration calendar -> org.hibernate.type.CalendarType@530612ba
20:19:37,288 DEBUG BasicTypeRegistry:145 - Adding type registration java.util.Calendar -> org.hibernate.type.CalendarType@530612ba
20:19:37,288 DEBUG BasicTypeRegistry:145 - Adding type registration java.util.GregorianCalendar -> org.hibernate.type.CalendarType@530612ba
20:19:37,288 DEBUG BasicTypeRegistry:145 - Adding type registration calendar_date -> org.hibernate.type.CalendarDateType@3bd94634
20:19:37,288 DEBUG BasicTypeRegistry:145 - Adding type registration locale -> org.hibernate.type.LocaleType@1188e820
20:19:37,288 DEBUG BasicTypeRegistry:145 - Adding type registration java.util.Locale -> org.hibernate.type.LocaleType@1188e820
20:19:37,288 DEBUG BasicTypeRegistry:145 - Adding type registration currency -> org.hibernate.type.CurrencyType@276438c9
20:19:37,288 DEBUG BasicTypeRegistry:145 - Adding type registration java.util.Currency -> org.hibernate.type.CurrencyType@276438c9
20:19:37,288 DEBUG BasicTypeRegistry:145 - Adding type registration timezone -> org.hibernate.type.TimeZoneType@46238e3f
20:19:37,288 DEBUG BasicTypeRegistry:145 - Adding type registration java.util.TimeZone -> org.hibernate.type.TimeZoneType@46238e3f
20:19:37,288 DEBUG BasicTypeRegistry:145 - Adding type registration class -> org.hibernate.type.ClassType@1efee8e7
20:19:37,288 DEBUG BasicTypeRegistry:145 - Adding type registration java.lang.Class -> org.hibernate.type.ClassType@1efee8e7
20:19:37,304 DEBUG BasicTypeRegistry:145 - Adding type registration uuid-binary -> org.hibernate.type.UUIDBinaryType@45afc369
20:19:37,304 DEBUG BasicTypeRegistry:145 - Adding type registration java.util.UUID -> org.hibernate.type.UUIDBinaryType@45afc369
20:19:37,304 DEBUG BasicTypeRegistry:145 - Adding type registration uuid-char -> org.hibernate.type.UUIDCharType@290dbf45
20:19:37,304 DEBUG BasicTypeRegistry:145 - Adding type registration binary -> org.hibernate.type.BinaryType@2bbaf4f0
20:19:37,304 DEBUG BasicTypeRegistry:145 - Adding type registration byte[] -> org.hibernate.type.BinaryType@2bbaf4f0
20:19:37,304 DEBUG BasicTypeRegistry:145 - Adding type registration [B -> org.hibernate.type.BinaryType@2bbaf4f0
20:19:37,304 DEBUG BasicTypeRegistry:145 - Adding type registration wrapper-binary -> org.hibernate.type.WrapperBinaryType@33cb5951
20:19:37,304 DEBUG BasicTypeRegistry:145 - Adding type registration Byte[] -> org.hibernate.type.WrapperBinaryType@33cb5951
20:19:37,304 DEBUG BasicTypeRegistry:145 - Adding type registration [Ljava.lang.Byte; -> org.hibernate.type.WrapperBinaryType@33cb5951
20:19:37,304 DEBUG BasicTypeRegistry:145 - Adding type registration row_version -> org.hibernate.type.RowVersionType@7fad8c79
20:19:37,304 DEBUG BasicTypeRegistry:145 - Adding type registration image -> org.hibernate.type.ImageType@b59d31
20:19:37,304 DEBUG BasicTypeRegistry:145 - Adding type registration characters -> org.hibernate.type.CharArrayType@3e77a1ed
20:19:37,304 DEBUG BasicTypeRegistry:145 - Adding type registration char[] -> org.hibernate.type.CharArrayType@3e77a1ed
20:19:37,304 DEBUG BasicTypeRegistry:145 - Adding type registration [C -> org.hibernate.type.CharArrayType@3e77a1ed
20:19:37,304 DEBUG BasicTypeRegistry:145 - Adding type registration wrapper-characters -> org.hibernate.type.CharacterArrayType@4ba2ca36
20:19:37,304 DEBUG BasicTypeRegistry:145 - Adding type registration [Ljava.lang.Character; -> org.hibernate.type.CharacterArrayType@4ba2ca36
20:19:37,304 DEBUG BasicTypeRegistry:145 - Adding type registration Character[] -> org.hibernate.type.CharacterArrayType@4ba2ca36
20:19:37,304 DEBUG BasicTypeRegistry:145 - Adding type registration text -> org.hibernate.type.TextType@25359ed8
20:19:37,304 DEBUG BasicTypeRegistry:145 - Adding type registration ntext -> org.hibernate.type.NTextType@6a396c1e
20:19:37,304 DEBUG BasicTypeRegistry:145 - Adding type registration blob -> org.hibernate.type.BlobType@473b46c3
20:19:37,304 DEBUG BasicTypeRegistry:145 - Adding type registration java.sql.Blob -> org.hibernate.type.BlobType@473b46c3
20:19:37,304 DEBUG BasicTypeRegistry:145 - Adding type registration materialized_blob -> org.hibernate.type.MaterializedBlobType@646be2c3
20:19:37,304 DEBUG BasicTypeRegistry:145 - Adding type registration clob -> org.hibernate.type.ClobType@69b794e2
20:19:37,304 DEBUG BasicTypeRegistry:145 - Adding type registration java.sql.Clob -> org.hibernate.type.ClobType@69b794e2
20:19:37,304 DEBUG BasicTypeRegistry:145 - Adding type registration nclob -> org.hibernate.type.NClobType@6b53e23f
20:19:37,304 DEBUG BasicTypeRegistry:145 - Adding type registration java.sql.NClob -> org.hibernate.type.NClobType@6b53e23f
20:19:37,304 DEBUG BasicTypeRegistry:145 - Adding type registration materialized_clob -> org.hibernate.type.MaterializedClobType@4f9a3314
20:19:37,304 DEBUG BasicTypeRegistry:145 - Adding type registration materialized_nclob -> org.hibernate.type.MaterializedNClobType@176d53b2
20:19:37,319 DEBUG BasicTypeRegistry:145 - Adding type registration serializable -> org.hibernate.type.SerializableType@62e136d3
20:19:37,319 DEBUG BasicTypeRegistry:145 - Adding type registration object -> org.hibernate.type.ObjectType@7f77e91b
20:19:37,319 DEBUG BasicTypeRegistry:145 - Adding type registration java.lang.Object -> org.hibernate.type.ObjectType@7f77e91b
20:19:37,319 DEBUG BasicTypeRegistry:145 - Adding type registration imm_date -> org.hibernate.type.AdaptedImmutableType@2357d90a
20:19:37,319 DEBUG BasicTypeRegistry:145 - Adding type registration imm_time -> org.hibernate.type.AdaptedImmutableType@6328d34a
20:19:37,319 DEBUG BasicTypeRegistry:145 - Adding type registration imm_timestamp -> org.hibernate.type.AdaptedImmutableType@145eaa29
20:19:37,319 DEBUG BasicTypeRegistry:145 - Adding type registration imm_dbtimestamp -> org.hibernate.type.AdaptedImmutableType@15bb6bea
20:19:37,319 DEBUG BasicTypeRegistry:145 - Adding type registration imm_calendar -> org.hibernate.type.AdaptedImmutableType@8b96fde
20:19:37,319 DEBUG BasicTypeRegistry:145 - Adding type registration imm_calendar_date -> org.hibernate.type.AdaptedImmutableType@2d2e5f00
20:19:37,319 DEBUG BasicTypeRegistry:145 - Adding type registration imm_binary -> org.hibernate.type.AdaptedImmutableType@4c40b76e
20:19:37,319 DEBUG BasicTypeRegistry:145 - Adding type registration imm_serializable -> org.hibernate.type.AdaptedImmutableType@2ea6137
20:19:37,319 TRACE AbstractServiceRegistryImpl:229 - Initializing service [role=org.hibernate.engine.jdbc.spi.JdbcServices]
20:19:37,319 TRACE AbstractServiceRegistryImpl:229 - Initializing service [role=org.hibernate.engine.jdbc.env.spi.JdbcEnvironment]
20:19:37,319 TRACE AbstractServiceRegistryImpl:229 - Initializing service [role=org.hibernate.engine.jdbc.dialect.spi.DialectFactory]
20:19:37,319 TRACE AbstractServiceRegistryImpl:229 - Initializing service [role=org.hibernate.engine.jdbc.dialect.spi.DialectResolver]
20:19:37,319 TRACE AbstractServiceRegistryImpl:229 - Initializing service [role=org.hibernate.engine.jdbc.connections.spi.ConnectionProvider]
20:19:37,319  WARN pooling:70 - HHH10001002: Using Hibernate built-in connection pool (not for production use!)
20:19:37,335  INFO pooling:126 - HHH10001005: using driver [com.mysql.cj.jdbc.Driver] at URL [jdbc:mysql://localhost:3306/hibernatetutorial]
20:19:37,335  INFO pooling:132 - HHH10001001: Connection properties: {user=root, password=Mainframe55}
20:19:37,335  INFO pooling:140 - HHH10001003: Autocommit mode: false
20:19:37,335 DEBUG DriverManagerConnectionProviderImpl:384 - Initializing Connection pool with 1 Connections
20:19:37,335  INFO DriverManagerConnectionProviderImpl:41 - HHH000115: Hibernate connection pool size: 20 (min=1)
20:19:37,473 DEBUG JdbcEnvironmentInitiator:72 - Database ->
       name : MySQL
    version : 5.6.37
      major : 5
      minor : 6
20:19:37,473 DEBUG JdbcEnvironmentInitiator:83 - Driver ->
       name : MySQL Connector Java
    version : mysql-connector-java-6.0.6 ( Revision: 3dab84f4d9bede3cdd14d57b99e9e98a02a5b97d )
      major : 6
      minor : 0
20:19:37,473 DEBUG JdbcEnvironmentInitiator:389 - JDBC version : 4.1
20:19:37,488  INFO Dialect:157 - HHH000400: Using dialect: org.hibernate.dialect.MySQLDialect
20:19:37,520 DEBUG IdentifierHelperBuilder:117 - JDBC driver metadata reported database stores quoted identifiers in more than one case
20:19:37,520 DEBUG IdentifierHelperBuilder:191 - IdentifierCaseStrategy for both quoted and unquoted identifiers was set to the same strategy [LOWER]; that will likely lead to problems in schema update and validation if using quoted identifiers
20:19:37,520 TRACE NormalizingIdentifierHelperImpl:61 - Normalizing identifier quoting [hibernatetutorial]
20:19:37,520 TRACE NormalizingIdentifierHelperImpl:61 - Normalizing identifier quoting [null]
20:19:37,604 TRACE AbstractServiceRegistryImpl:229 - Initializing service [role=org.hibernate.id.factory.spi.MutableIdentifierGeneratorFactory]
20:19:37,604 DEBUG DefaultIdentifierGeneratorFactory:81 - Registering IdentifierGenerator strategy [uuid2] -> [org.hibernate.id.UUIDGenerator]
20:19:37,604 DEBUG DefaultIdentifierGeneratorFactory:81 - Registering IdentifierGenerator strategy [guid] -> [org.hibernate.id.GUIDGenerator]
20:19:37,604 DEBUG DefaultIdentifierGeneratorFactory:81 - Registering IdentifierGenerator strategy [uuid] -> [org.hibernate.id.UUIDHexGenerator]
20:19:37,604 DEBUG DefaultIdentifierGeneratorFactory:81 - Registering IdentifierGenerator strategy [uuid.hex] -> [org.hibernate.id.UUIDHexGenerator]
20:19:37,604 DEBUG DefaultIdentifierGeneratorFactory:81 - Registering IdentifierGenerator strategy [assigned] -> [org.hibernate.id.Assigned]
20:19:37,604 DEBUG DefaultIdentifierGeneratorFactory:81 - Registering IdentifierGenerator strategy [identity] -> [org.hibernate.id.IdentityGenerator]
20:19:37,604 DEBUG DefaultIdentifierGeneratorFactory:81 - Registering IdentifierGenerator strategy [select] -> [org.hibernate.id.SelectGenerator]
20:19:37,604 DEBUG DefaultIdentifierGeneratorFactory:81 - Registering IdentifierGenerator strategy [sequence] -> [org.hibernate.id.enhanced.SequenceStyleGenerator]
20:19:37,604 DEBUG DefaultIdentifierGeneratorFactory:81 - Registering IdentifierGenerator strategy [seqhilo] -> [org.hibernate.id.SequenceHiLoGenerator]
20:19:37,604 DEBUG DefaultIdentifierGeneratorFactory:81 - Registering IdentifierGenerator strategy [increment] -> [org.hibernate.id.IncrementGenerator]
20:19:37,604 DEBUG DefaultIdentifierGeneratorFactory:81 - Registering IdentifierGenerator strategy [foreign] -> [org.hibernate.id.ForeignGenerator]
20:19:37,604 DEBUG DefaultIdentifierGeneratorFactory:81 - Registering IdentifierGenerator strategy [sequence-identity] -> [org.hibernate.id.SequenceIdentityGenerator]
20:19:37,604 DEBUG DefaultIdentifierGeneratorFactory:81 - Registering IdentifierGenerator strategy [enhanced-sequence] -> [org.hibernate.id.enhanced.SequenceStyleGenerator]
20:19:37,604 DEBUG DefaultIdentifierGeneratorFactory:81 - Registering IdentifierGenerator strategy [enhanced-table] -> [org.hibernate.id.enhanced.TableGenerator]
20:19:37,635 DEBUG Namespace:47 - Created database namespace [logicalName=Name{catalog=null, schema=null}, physicalName=Name{catalog=null, schema=null}]
20:19:37,651 DEBUG AnnotationBinder:511 - Binding entity from annotated class: hibernate.firstexample.entity.Message
20:19:37,668 TRACE NormalizingIdentifierHelperImpl:61 - Normalizing identifier quoting [DTYPE]
20:19:37,668 DEBUG Ejb3Column:213 - Binding column: Ejb3DiscriminatorColumn{logicalColumnName'DTYPE', discriminatorTypeName='string'}
20:19:37,672 DEBUG EntityBinder:419 - Import with entity name hibernate.firstexample.entity.Message
20:19:37,672 TRACE InFlightMetadataCollectorImpl:673 - Import: hibernate.firstexample.entity.Message -> hibernate.firstexample.entity.Message
20:19:37,673 TRACE NormalizingIdentifierHelperImpl:61 - Normalizing identifier quoting [message]
20:19:37,673 TRACE NormalizingIdentifierHelperImpl:61 - Normalizing identifier quoting [message]
20:19:37,673 DEBUG EntityBinder:695 - Bind entity hibernate.firstexample.entity.Message on table message
20:19:37,673 TRACE AnnotationBinder:1643 - Processing annotations of hibernate.firstexample.entity.Message.id
20:19:37,673 TRACE NormalizingIdentifierHelperImpl:61 - Normalizing identifier quoting [ID]
20:19:37,689 TRACE NormalizingIdentifierHelperImpl:61 - Normalizing identifier quoting [ID]
20:19:37,689 DEBUG Ejb3Column:213 - Binding column: Ejb3Column{table=org.hibernate.mapping.Table(message), mappingColumn=ID, insertable=true, updatable=true, unique=false}
20:19:37,689 DEBUG PropertyBinder:174 - MetadataSourceProcessor property id with lazy=false
20:19:37,689 DEBUG AbstractPropertyHolder:95 - Attempting to locate auto-apply AttributeConverter for property [hibernate.firstexample.entity.Message:id]
20:19:37,689 DEBUG SimpleValueBinder:411 - building SimpleValue for id
20:19:37,689 TRACE NormalizingIdentifierHelperImpl:61 - Normalizing identifier quoting [ID]
20:19:37,689 DEBUG PropertyBinder:265 - Building property id
20:19:37,689 TRACE PropertyBinder:323 - Cascading id with null
20:19:37,689 TRACE AnnotationBinder:2395 - Bind @Id on id
20:19:37,689 TRACE AnnotationBinder:1643 - Processing annotations of hibernate.firstexample.entity.Message.text
20:19:37,689 TRACE NormalizingIdentifierHelperImpl:61 - Normalizing identifier quoting [TEXT]
20:19:37,689 TRACE NormalizingIdentifierHelperImpl:61 - Normalizing identifier quoting [TEXT]
20:19:37,689 DEBUG Ejb3Column:213 - Binding column: Ejb3Column{table=org.hibernate.mapping.Table(message), mappingColumn=TEXT, insertable=true, updatable=true, unique=false}
20:19:37,689 DEBUG PropertyBinder:174 - MetadataSourceProcessor property text with lazy=false
20:19:37,689 DEBUG AbstractPropertyHolder:95 - Attempting to locate auto-apply AttributeConverter for property [hibernate.firstexample.entity.Message:text]
20:19:37,689 DEBUG SimpleValueBinder:411 - building SimpleValue for text
20:19:37,689 TRACE NormalizingIdentifierHelperImpl:61 - Normalizing identifier quoting [TEXT]
20:19:37,689 DEBUG PropertyBinder:265 - Building property text
20:19:37,689 TRACE PropertyBinder:323 - Cascading text with null
20:19:37,689 DEBUG SimpleValueBinder:456 - Starting fillSimpleValue for id
20:19:37,689 DEBUG SimpleValueBinder:456 - Starting fillSimpleValue for text
20:19:37,689 DEBUG PrimaryKey:35 - Forcing column [id] to be non-null as it is part of the primary key for table [message]
20:19:37,704 TRACE BatchFetchStyle:51 - Interpreting BatchFetchStyle from setting : null
20:19:37,714 TRACE AbstractServiceRegistryImpl:229 - Initializing service [role=org.hibernate.resource.transaction.spi.TransactionCoordinatorBuilder]
20:19:37,714 DEBUG SessionFactoryImpl:200 - Building session factory
20:19:37,714 DEBUG Settings:69 - SessionFactory name : null
20:19:37,714 DEBUG Settings:70 - Automatic flush during beforeCompletion(): enabled
20:19:37,714 DEBUG Settings:71 - Automatic session close at end of transaction: disabled
20:19:37,714 DEBUG Settings:73 - Statistics: disabled
20:19:37,714 DEBUG Settings:75 - Deleted entity synthetic identifier rollback: disabled
20:19:37,714 DEBUG Settings:76 - Default entity-mode: pojo
20:19:37,714 DEBUG Settings:77 - Check Nullability in Core (should be disabled when Bean Validation is on): enabled
20:19:37,714 DEBUG Settings:78 - Allow initialization of lazy state outside session : disabled
20:19:37,714 DEBUG Settings:80 - Using BatchFetchStyle : LEGACY
20:19:37,714 DEBUG Settings:81 - Default batch fetch size: -1
20:19:37,714 DEBUG Settings:82 - Maximum outer join fetch depth: 2
20:19:37,714 DEBUG Settings:83 - Default null ordering: NONE
20:19:37,714 DEBUG Settings:84 - Order SQL updates by primary key: disabled
20:19:37,714 DEBUG Settings:85 - Order SQL inserts for batching: disabled
20:19:37,714 DEBUG Settings:87 - multi-tenancy strategy : NONE
20:19:37,714 DEBUG Settings:89 - JTA Track by Thread: enabled
20:19:37,714 DEBUG Settings:91 - Query language substitutions: {}
20:19:37,714 DEBUG Settings:92 - JPA query language strict compliance: disabled
20:19:37,730 DEBUG Settings:93 - Named query checking : enabled
20:19:37,730 DEBUG Settings:95 - Second-level cache: enabled
20:19:37,730 DEBUG Settings:96 - Second-level query cache: disabled
20:19:37,730 DEBUG Settings:97 - Second-level query cache factory: org.hibernate.cache.internal.StandardQueryCacheFactory@15f47664
20:19:37,730 DEBUG Settings:98 - Second-level cache region prefix: null
20:19:37,730 DEBUG Settings:99 - Optimize second-level cache for minimal puts: disabled
20:19:37,730 DEBUG Settings:100 - Structured second-level cache entries: disabled
20:19:37,730 DEBUG Settings:101 - Second-level cache direct-reference entries: disabled
20:19:37,730 DEBUG Settings:102 - Automatic eviction of collection cache: disabled
20:19:37,730 DEBUG Settings:104 - JDBC batch size: 15
20:19:37,730 DEBUG Settings:105 - JDBC batch updates for versioned data: enabled
20:19:37,730 DEBUG Settings:106 - Scrollable result sets: enabled
20:19:37,730 DEBUG Settings:107 - Wrap result sets: disabled
20:19:37,730 DEBUG Settings:108 - JDBC3 getGeneratedKeys(): enabled
20:19:37,730 DEBUG Settings:109 - JDBC result set fetch size: null
20:19:37,730 DEBUG Settings:110 - Connection release mode: AFTER_TRANSACTION
20:19:37,730 DEBUG Settings:111 - Generate SQL with comments: disabled
20:19:37,730 TRACE AbstractServiceRegistryImpl:229 - Initializing service [role=org.hibernate.service.spi.SessionFactoryServiceRegistryFactory]
20:19:37,730 TRACE AbstractServiceRegistryImpl:229 - Initializing service [role=org.hibernate.event.service.spi.EventListenerRegistry]
20:19:37,773 TRACE AbstractServiceRegistryImpl:229 - Initializing service [role=org.hibernate.engine.spi.CacheImplementor]
20:19:37,789 TRACE TypeFactory:58 - Scoping types to session factory org.hibernate.internal.SessionFactoryImpl@13d4992d
20:19:37,789 DEBUG SessionFactoryImpl:258 - Session factory constructed with filter configurations : {}
20:19:37,789 DEBUG SessionFactoryImpl:259 - Instantiating session factory with properties: {sun.desktop=windows, awt.toolkit=sun.awt.windows.WToolkit, dialect=org.hibernate.dialect.MySQLDialect, file.encoding.pkg=sun.io, java.specification.version=1.8, sun.cpu.isalist=amd64, sun.jnu.encoding=Cp1252, hibernate.dialect=org.hibernate.dialect.MySQLDialect, java.class.path=C:\Users\rukesh\Documents\My Documents\Interview Preparation\Int\Code Snippets\hibernateProject\rukesh.jpa.hibernate.project\target\classes;C:\Users\rukesh\.m2\repository\org\hibernate\javax\persistence\hibernate-jpa-2.1-api\1.0.0.Final\hibernate-jpa-2.1-api-1.0.0.Final.jar;C:\Users\rukesh\.m2\repository\org\hibernate\hibernate-core\5.2.12.Final\hibernate-core-5.2.12.Final.jar;C:\Users\rukesh\.m2\repository\org\jboss\logging\jboss-logging\3.3.0.Final\jboss-logging-3.3.0.Final.jar;C:\Users\rukesh\.m2\repository\org\javassist\javassist\3.20.0-GA\javassist-3.20.0-GA.jar;C:\Users\rukesh\.m2\repository\antlr\antlr\2.7.7\antlr-2.7.7.jar;C:\Users\rukesh\.m2\repository\org\jboss\spec\javax\transaction\jboss-transaction-api_1.2_spec\1.0.1.Final\jboss-transaction-api_1.2_spec-1.0.1.Final.jar;C:\Users\rukesh\.m2\repository\org\jboss\jandex\2.0.3.Final\jandex-2.0.3.Final.jar;C:\Users\rukesh\.m2\repository\com\fasterxml\classmate\1.3.0\classmate-1.3.0.jar;C:\Users\rukesh\.m2\repository\dom4j\dom4j\1.6.1\dom4j-1.6.1.jar;C:\Users\rukesh\.m2\repository\org\hibernate\common\hibernate-commons-annotations\5.0.1.Final\hibernate-commons-annotations-5.0.1.Final.jar;C:\Users\rukesh\.m2\repository\org\hibernate\hibernate-entitymanager\5.2.11.Final\hibernate-entitymanager-5.2.11.Final.jar;C:\Users\rukesh\.m2\repository\net\bytebuddy\byte-buddy\1.6.14\byte-buddy-1.6.14.jar;C:\Users\rukesh\.m2\repository\mysql\mysql-connector-java\6.0.6\mysql-connector-java-6.0.6.jar;C:\Users\rukesh\.m2\repository\log4j\log4j\1.2.17\log4j-1.2.17.jar, java.vm.vendor=Oracle Corporation, sun.arch.data.model=64, user.variant=, java.vendor.url=http://java.oracle.com/, user.timezone=America/New_York, os.name=Windows 10, java.vm.specification.version=1.8, user.country=US, sun.java.launcher=SUN_STANDARD, sun.boot.library.path=C:\Program Files\Java\jdk1.8.0_151\jre\bin, sun.java.command=hibernate.firstexample.client.HelloWorldClient, sun.cpu.endian=little, user.home=C:\Users\rukesh, user.language=en, java.specification.vendor=Oracle Corporation, java.home=C:\Program Files\Java\jdk1.8.0_151\jre, file.separator=\, line.separator=
, java.vm.specification.vendor=Oracle Corporation, java.specification.name=Java Platform API Specification, java.awt.graphicsenv=sun.awt.Win32GraphicsEnvironment, sun.boot.class.path=C:\Program Files\Java\jdk1.8.0_151\jre\lib\resources.jar;C:\Program Files\Java\jdk1.8.0_151\jre\lib\rt.jar;C:\Program Files\Java\jdk1.8.0_151\jre\lib\sunrsasign.jar;C:\Program Files\Java\jdk1.8.0_151\jre\lib\jsse.jar;C:\Program Files\Java\jdk1.8.0_151\jre\lib\jce.jar;C:\Program Files\Java\jdk1.8.0_151\jre\lib\charsets.jar;C:\Program Files\Java\jdk1.8.0_151\jre\lib\jfr.jar;C:\Program Files\Java\jdk1.8.0_151\jre\classes, user.script=, connection.password=Mainframe55, sun.management.compiler=HotSpot 64-Bit Tiered Compilers, java.runtime.version=1.8.0_151-b12, user.name=rukesh, path.separator=;, hibernate.connection.username=root, os.version=10.0, java.endorsed.dirs=C:\Program Files\Java\jdk1.8.0_151\jre\lib\endorsed, java.runtime.name=Java(TM) SE Runtime Environment, hibernate.connection.url=jdbc:mysql://localhost:3306/hibernatetutorial, file.encoding=UTF-8, java.vm.name=Java HotSpot(TM) 64-Bit Server VM, hibernate.show_sql=true, show_sql=true, hibernate.connection.driver_class=com.mysql.cj.jdbc.Driver, java.vendor.url.bug=http://bugreport.sun.com/bugreport/, java.io.tmpdir=C:\Users\rukesh\AppData\Local\Temp\, java.version=1.8.0_151, user.dir=C:\Users\rukesh\Documents\My Documents\Interview Preparation\Int\Code Snippets\hibernateProject\rukesh.jpa.hibernate.project, os.arch=amd64, connection.username=root, java.vm.specification.name=Java Virtual Machine Specification, hibernate.connection.password=****, java.awt.printerjob=sun.awt.windows.WPrinterJob, sun.os.patch.level=, connection.driver_class=com.mysql.cj.jdbc.Driver, hibernate.boot.CfgXmlAccessService.key=org.hibernate.boot.cfgxml.spi.LoadedConfig@75d2da2d, java.library.path=C:\Program Files\Java\jdk1.8.0_151\bin;C:\windows\Sun\Java\bin;C:\windows\system32;C:\windows;C:/Program Files/Java/jre1.8.0_151/bin/server;C:/Program Files/Java/jre1.8.0_151/bin;C:/Program Files/Java/jre1.8.0_151/lib/amd64;C:\ProgramData\Oracle\Java\javapath;C:\Program Files (x86)\Intel\iCLS Client\;C:\Program Files\Intel\iCLS Client\;C:\windows\system32;C:\windows;C:\windows\System32\Wbem;C:\windows\System32\WindowsPowerShell\v1.0\;C:\Program Files (x86)\Intel\Intel(R) Management Engine Components\DAL;C:\Program Files\Intel\Intel(R) Management Engine Components\DAL;C:\Program Files (x86)\Intel\Intel(R) Management Engine Components\IPT;C:\Program Files\Intel\Intel(R) Management Engine Components\IPT;C:\Program Files\Java\jdk1.8.0_151\bin;C:\Program Files\Intel\WiFi\bin\;C:\Program Files\Common Files\Intel\WirelessCommon\;C:\Program Files (x86)\Brackets\command;C:\Program Files\nodejs\;C:\Users\rukesh\AppData\Local\Microsoft\WindowsApps;;C:\Program Files\Microsoft VS Code\bin;C:\Users\rukesh\AppData\Roaming\npm;C:\Users\rukesh\Documents\eclipse-jee-oxygen-R-win32-x86_64\eclipse;;., java.vm.info=mixed mode, java.vendor=Oracle Corporation, java.vm.version=25.151-b12, hibernate.bytecode.use_reflection_optimizer=false, java.ext.dirs=C:\Program Files\Java\jdk1.8.0_151\jre\lib\ext;C:\windows\Sun\Java\lib\ext, sun.io.unicode.encoding=UnicodeLittle, connection.url=jdbc:mysql://localhost:3306/hibernatetutorial, java.class.version=52.0}
20:19:37,805 TRACE AbstractServiceRegistryImpl:229 - Initializing service [role=org.hibernate.engine.query.spi.NativeQueryInterpreter]
20:19:37,805 DEBUG JaccIntegrator:80 - Skipping JACC integration as it was not enabled
20:19:37,805 DEBUG SessionFactoryImpl:298 - Instantiated session factory
20:19:37,820 TRACE AbstractServiceRegistryImpl:229 - Initializing service [role=org.hibernate.persister.spi.PersisterFactory]
20:19:37,820 TRACE AbstractServiceRegistryImpl:229 - Initializing service [role=org.hibernate.persister.spi.PersisterClassResolver]
20:19:37,836 TRACE AbstractServiceRegistryImpl:229 - Initializing service [role=org.hibernate.property.access.spi.PropertyAccessStrategyResolver]
20:19:37,836 DEBUG ClassLoaderAccessImpl:55 - Not known whether passed class name [hibernate.firstexample.entity.Message] is safe
20:19:37,836 DEBUG ClassLoaderAccessImpl:57 - No temp ClassLoader provided; using live ClassLoader for loading potentially unsafe class : hibernate.firstexample.entity.Message
20:19:37,851 DEBUG ClassLoaderAccessImpl:55 - Not known whether passed class name [hibernate.firstexample.entity.Message] is safe
20:19:37,851 DEBUG ClassLoaderAccessImpl:57 - No temp ClassLoader provided; using live ClassLoader for loading potentially unsafe class : hibernate.firstexample.entity.Message
20:19:37,889 TRACE AbstractPropertyMapping:122 - Skipping duplicate registration of path [text], existing type = [org.hibernate.type.StringType@3578436e], incoming type = [org.hibernate.type.StringType@3578436e]
20:19:37,889 TRACE AbstractPropertyMapping:122 - Skipping duplicate registration of path [id], existing type = [org.hibernate.type.LongType@c81cdd1], incoming type = [org.hibernate.type.LongType@c81cdd1]
20:19:37,904 DEBUG AbstractEntityPersister:3608 - Static SQL for entity: hibernate.firstexample.entity.Message
20:19:37,904 DEBUG AbstractEntityPersister:3613 -  Version select: select ID from message where ID =?
20:19:37,904 DEBUG AbstractEntityPersister:3616 -  Snapshot select: select message_.ID, message_.TEXT as TEXT2_0_ from message message_ where message_.ID=?
20:19:37,904 DEBUG AbstractEntityPersister:394 -  Insert 0: insert into message (TEXT, ID) values (?, ?)
20:19:37,904 DEBUG AbstractEntityPersister:394 -  Update 0: update message set TEXT=? where ID=?
20:19:37,904 DEBUG AbstractEntityPersister:394 -  Delete 0: delete from message where ID=?
20:19:37,904 DEBUG AbstractEntityPersister:3624 -  Identity insert: insert into message (TEXT) values (?)
20:19:37,904 TRACE AbstractLoadPlanBuildingAssociationVisitationStrategy:172 -  Starting root entity : hibernate.firstexample.entity.Message
20:19:37,920 DEBUG QuerySpacesImpl:174 - Adding QuerySpace : uid = <gen:0> -> org.hibernate.loader.plan.build.internal.spaces.EntityQuerySpaceImpl@366ac49b]
20:19:37,920 TRACE AbstractLoadPlanBuildingAssociationVisitationStrategy:113 - Pushing fetch source to stack : org.hibernate.loader.plan.build.internal.returns.EntityReturnImpl@62e20a76
20:19:37,920 TRACE AbstractLoadPlanBuildingAssociationVisitationStrategy:648 - .. Registering AssociationKey : AssociationKey(table=message, columns={ID}) -> org.hibernate.loader.plan.build.internal.returns.EntityReturnImpl@62e20a76
20:19:37,920 TRACE AbstractLoadPlanBuildingAssociationVisitationStrategy:239 - >> Starting entity identifier : hibernate.firstexample.entity.Message
20:19:37,920 DEBUG MetamodelGraphWalker:137 - Visiting attribute path : text
20:19:37,920 TRACE AbstractLoadPlanBuildingAssociationVisitationStrategy:547 - >> Starting attribute Attribute(name=text, type=string [non-identifier])
20:19:37,920 TRACE AbstractLoadPlanBuildingAssociationVisitationStrategy:628 - << Finishing up attribute : Attribute(name=text, type=string [non-identifier])
20:19:37,920 TRACE AbstractLoadPlanBuildingAssociationVisitationStrategy:120 - Popped fetch owner from stack : org.hibernate.loader.plan.build.internal.returns.EntityReturnImpl@62e20a76
20:19:37,920 TRACE AbstractLoadPlanBuildingAssociationVisitationStrategy:208 -  Finished root entity : hibernate.firstexample.entity.Message
20:19:37,920 DEBUG FetchStyleLoadPlanBuildingAssociationVisitationStrategy:150 - Building LoadPlan...
20:19:37,920 DEBUG LoadQueryJoinAndFetchProcessor:101 - processing queryspace <gen:0>
20:19:37,920 DEBUG LoadPlanTreePrinter:55 - LoadPlan(entity=hibernate.firstexample.entity.Message)
    - Returns
       - EntityReturnImpl(entity=hibernate.firstexample.entity.Message, querySpaceUid=<gen:0>, path=hibernate.firstexample.entity.Message)
    - QuerySpaces
       - EntityQuerySpaceImpl(uid=<gen:0>, entity=hibernate.firstexample.entity.Message)
          - SQL table alias mapping - message0_
          - alias suffix - 0_
          - suffixed key columns - {ID1_0_0_}

20:19:37,920 DEBUG EntityLoader:115 - Static select for entity hibernate.firstexample.entity.Message [NONE]: select message0_.ID as ID1_0_0_, message0_.TEXT as TEXT2_0_0_ from message message0_ where message0_.ID=?
20:19:37,920 TRACE AbstractLoadPlanBuildingAssociationVisitationStrategy:172 -  Starting root entity : hibernate.firstexample.entity.Message
20:19:37,920 DEBUG QuerySpacesImpl:174 - Adding QuerySpace : uid = <gen:0> -> org.hibernate.loader.plan.build.internal.spaces.EntityQuerySpaceImpl@2002348]
20:19:37,920 TRACE AbstractLoadPlanBuildingAssociationVisitationStrategy:113 - Pushing fetch source to stack : org.hibernate.loader.plan.build.internal.returns.EntityReturnImpl@5911e990
20:19:37,920 TRACE AbstractLoadPlanBuildingAssociationVisitationStrategy:648 - .. Registering AssociationKey : AssociationKey(table=message, columns={ID}) -> org.hibernate.loader.plan.build.internal.returns.EntityReturnImpl@5911e990
20:19:37,920 TRACE AbstractLoadPlanBuildingAssociationVisitationStrategy:239 - >> Starting entity identifier : hibernate.firstexample.entity.Message
20:19:37,920 DEBUG MetamodelGraphWalker:137 - Visiting attribute path : text
20:19:37,936 TRACE AbstractLoadPlanBuildingAssociationVisitationStrategy:547 - >> Starting attribute Attribute(name=text, type=string [non-identifier])
20:19:37,936 TRACE AbstractLoadPlanBuildingAssociationVisitationStrategy:628 - << Finishing up attribute : Attribute(name=text, type=string [non-identifier])
20:19:37,936 TRACE AbstractLoadPlanBuildingAssociationVisitationStrategy:120 - Popped fetch owner from stack : org.hibernate.loader.plan.build.internal.returns.EntityReturnImpl@5911e990
20:19:37,936 TRACE AbstractLoadPlanBuildingAssociationVisitationStrategy:208 -  Finished root entity : hibernate.firstexample.entity.Message
20:19:37,936 DEBUG FetchStyleLoadPlanBuildingAssociationVisitationStrategy:150 - Building LoadPlan...
20:19:37,936 DEBUG LoadQueryJoinAndFetchProcessor:101 - processing queryspace <gen:0>
20:19:37,936 DEBUG LoadPlanTreePrinter:55 - LoadPlan(entity=hibernate.firstexample.entity.Message)
    - Returns
       - EntityReturnImpl(entity=hibernate.firstexample.entity.Message, querySpaceUid=<gen:0>, path=hibernate.firstexample.entity.Message)
    - QuerySpaces
       - EntityQuerySpaceImpl(uid=<gen:0>, entity=hibernate.firstexample.entity.Message)
          - SQL table alias mapping - message0_
          - alias suffix - 0_
          - suffixed key columns - {ID1_0_0_}

20:19:37,936 DEBUG EntityLoader:115 - Static select for entity hibernate.firstexample.entity.Message [READ]: select message0_.ID as ID1_0_0_, message0_.TEXT as TEXT2_0_0_ from message message0_ where message0_.ID=?
20:19:37,936 TRACE AbstractLoadPlanBuildingAssociationVisitationStrategy:172 -  Starting root entity : hibernate.firstexample.entity.Message
20:19:37,936 DEBUG QuerySpacesImpl:174 - Adding QuerySpace : uid = <gen:0> -> org.hibernate.loader.plan.build.internal.spaces.EntityQuerySpaceImpl@31000e60]
20:19:37,936 TRACE AbstractLoadPlanBuildingAssociationVisitationStrategy:113 - Pushing fetch source to stack : org.hibernate.loader.plan.build.internal.returns.EntityReturnImpl@1d470d0
20:19:37,936 TRACE AbstractLoadPlanBuildingAssociationVisitationStrategy:648 - .. Registering AssociationKey : AssociationKey(table=message, columns={ID}) -> org.hibernate.loader.plan.build.internal.returns.EntityReturnImpl@1d470d0
20:19:37,936 TRACE AbstractLoadPlanBuildingAssociationVisitationStrategy:239 - >> Starting entity identifier : hibernate.firstexample.entity.Message
20:19:37,936 DEBUG MetamodelGraphWalker:137 - Visiting attribute path : text
20:19:37,936 TRACE AbstractLoadPlanBuildingAssociationVisitationStrategy:547 - >> Starting attribute Attribute(name=text, type=string [non-identifier])
20:19:37,936 TRACE AbstractLoadPlanBuildingAssociationVisitationStrategy:628 - << Finishing up attribute : Attribute(name=text, type=string [non-identifier])
20:19:37,936 TRACE AbstractLoadPlanBuildingAssociationVisitationStrategy:120 - Popped fetch owner from stack : org.hibernate.loader.plan.build.internal.returns.EntityReturnImpl@1d470d0
20:19:37,936 TRACE AbstractLoadPlanBuildingAssociationVisitationStrategy:208 -  Finished root entity : hibernate.firstexample.entity.Message
20:19:37,936 DEBUG FetchStyleLoadPlanBuildingAssociationVisitationStrategy:150 - Building LoadPlan...
20:19:37,936 DEBUG LoadQueryJoinAndFetchProcessor:101 - processing queryspace <gen:0>
20:19:37,936 DEBUG LoadPlanTreePrinter:55 - LoadPlan(entity=hibernate.firstexample.entity.Message)
    - Returns
       - EntityReturnImpl(entity=hibernate.firstexample.entity.Message, querySpaceUid=<gen:0>, path=hibernate.firstexample.entity.Message)
    - QuerySpaces
       - EntityQuerySpaceImpl(uid=<gen:0>, entity=hibernate.firstexample.entity.Message)
          - SQL table alias mapping - message0_
          - alias suffix - 0_
          - suffixed key columns - {ID1_0_0_}

20:19:37,936 DEBUG EntityLoader:115 - Static select for entity hibernate.firstexample.entity.Message [UPGRADE]: select message0_.ID as ID1_0_0_, message0_.TEXT as TEXT2_0_0_ from message message0_ where message0_.ID=? for update
20:19:37,936 TRACE AbstractLoadPlanBuildingAssociationVisitationStrategy:172 -  Starting root entity : hibernate.firstexample.entity.Message
20:19:37,936 DEBUG QuerySpacesImpl:174 - Adding QuerySpace : uid = <gen:0> -> org.hibernate.loader.plan.build.internal.spaces.EntityQuerySpaceImpl@24d09c1]
20:19:37,936 TRACE AbstractLoadPlanBuildingAssociationVisitationStrategy:113 - Pushing fetch source to stack : org.hibernate.loader.plan.build.internal.returns.EntityReturnImpl@54c62d71
20:19:37,936 TRACE AbstractLoadPlanBuildingAssociationVisitationStrategy:648 - .. Registering AssociationKey : AssociationKey(table=message, columns={ID}) -> org.hibernate.loader.plan.build.internal.returns.EntityReturnImpl@54c62d71
20:19:37,936 TRACE AbstractLoadPlanBuildingAssociationVisitationStrategy:239 - >> Starting entity identifier : hibernate.firstexample.entity.Message
20:19:37,936 DEBUG MetamodelGraphWalker:137 - Visiting attribute path : text
20:19:37,936 TRACE AbstractLoadPlanBuildingAssociationVisitationStrategy:547 - >> Starting attribute Attribute(name=text, type=string [non-identifier])
20:19:37,936 TRACE AbstractLoadPlanBuildingAssociationVisitationStrategy:628 - << Finishing up attribute : Attribute(name=text, type=string [non-identifier])
20:19:37,936 TRACE AbstractLoadPlanBuildingAssociationVisitationStrategy:120 - Popped fetch owner from stack : org.hibernate.loader.plan.build.internal.returns.EntityReturnImpl@54c62d71
20:19:37,936 TRACE AbstractLoadPlanBuildingAssociationVisitationStrategy:208 -  Finished root entity : hibernate.firstexample.entity.Message
20:19:37,936 DEBUG FetchStyleLoadPlanBuildingAssociationVisitationStrategy:150 - Building LoadPlan...
20:19:37,936 DEBUG LoadQueryJoinAndFetchProcessor:101 - processing queryspace <gen:0>
20:19:37,936 DEBUG LoadPlanTreePrinter:55 - LoadPlan(entity=hibernate.firstexample.entity.Message)
    - Returns
       - EntityReturnImpl(entity=hibernate.firstexample.entity.Message, querySpaceUid=<gen:0>, path=hibernate.firstexample.entity.Message)
    - QuerySpaces
       - EntityQuerySpaceImpl(uid=<gen:0>, entity=hibernate.firstexample.entity.Message)
          - SQL table alias mapping - message0_
          - alias suffix - 0_
          - suffixed key columns - {ID1_0_0_}

20:19:37,936 DEBUG EntityLoader:115 - Static select for entity hibernate.firstexample.entity.Message [UPGRADE_NOWAIT]: select message0_.ID as ID1_0_0_, message0_.TEXT as TEXT2_0_0_ from message message0_ where message0_.ID=? for update
20:19:37,936 TRACE AbstractLoadPlanBuildingAssociationVisitationStrategy:172 -  Starting root entity : hibernate.firstexample.entity.Message
20:19:37,936 DEBUG QuerySpacesImpl:174 - Adding QuerySpace : uid = <gen:0> -> org.hibernate.loader.plan.build.internal.spaces.EntityQuerySpaceImpl@65045a87]
20:19:37,936 TRACE AbstractLoadPlanBuildingAssociationVisitationStrategy:113 - Pushing fetch source to stack : org.hibernate.loader.plan.build.internal.returns.EntityReturnImpl@47f4e407
20:19:37,936 TRACE AbstractLoadPlanBuildingAssociationVisitationStrategy:648 - .. Registering AssociationKey : AssociationKey(table=message, columns={ID}) -> org.hibernate.loader.plan.build.internal.returns.EntityReturnImpl@47f4e407
20:19:37,936 TRACE AbstractLoadPlanBuildingAssociationVisitationStrategy:239 - >> Starting entity identifier : hibernate.firstexample.entity.Message
20:19:37,936 DEBUG MetamodelGraphWalker:137 - Visiting attribute path : text
20:19:37,936 TRACE AbstractLoadPlanBuildingAssociationVisitationStrategy:547 - >> Starting attribute Attribute(name=text, type=string [non-identifier])
20:19:37,936 TRACE AbstractLoadPlanBuildingAssociationVisitationStrategy:628 - << Finishing up attribute : Attribute(name=text, type=string [non-identifier])
20:19:37,936 TRACE AbstractLoadPlanBuildingAssociationVisitationStrategy:120 - Popped fetch owner from stack : org.hibernate.loader.plan.build.internal.returns.EntityReturnImpl@47f4e407
20:19:37,936 TRACE AbstractLoadPlanBuildingAssociationVisitationStrategy:208 -  Finished root entity : hibernate.firstexample.entity.Message
20:19:37,936 DEBUG FetchStyleLoadPlanBuildingAssociationVisitationStrategy:150 - Building LoadPlan...
20:19:37,936 DEBUG LoadQueryJoinAndFetchProcessor:101 - processing queryspace <gen:0>
20:19:37,936 DEBUG LoadPlanTreePrinter:55 - LoadPlan(entity=hibernate.firstexample.entity.Message)
    - Returns
       - EntityReturnImpl(entity=hibernate.firstexample.entity.Message, querySpaceUid=<gen:0>, path=hibernate.firstexample.entity.Message)
    - QuerySpaces
       - EntityQuerySpaceImpl(uid=<gen:0>, entity=hibernate.firstexample.entity.Message)
          - SQL table alias mapping - message0_
          - alias suffix - 0_
          - suffixed key columns - {ID1_0_0_}

20:19:37,936 DEBUG EntityLoader:115 - Static select for entity hibernate.firstexample.entity.Message [UPGRADE_SKIPLOCKED]: select message0_.ID as ID1_0_0_, message0_.TEXT as TEXT2_0_0_ from message message0_ where message0_.ID=? for update
20:19:37,936 TRACE AbstractLoadPlanBuildingAssociationVisitationStrategy:172 -  Starting root entity : hibernate.firstexample.entity.Message
20:19:37,936 DEBUG QuerySpacesImpl:174 - Adding QuerySpace : uid = <gen:0> -> org.hibernate.loader.plan.build.internal.spaces.EntityQuerySpaceImpl@2d1dee39]
20:19:37,936 TRACE AbstractLoadPlanBuildingAssociationVisitationStrategy:113 - Pushing fetch source to stack : org.hibernate.loader.plan.build.internal.returns.EntityReturnImpl@48d5f34e
20:19:37,936 TRACE AbstractLoadPlanBuildingAssociationVisitationStrategy:648 - .. Registering AssociationKey : AssociationKey(table=message, columns={ID}) -> org.hibernate.loader.plan.build.internal.returns.EntityReturnImpl@48d5f34e
20:19:37,936 TRACE AbstractLoadPlanBuildingAssociationVisitationStrategy:239 - >> Starting entity identifier : hibernate.firstexample.entity.Message
20:19:37,936 DEBUG MetamodelGraphWalker:137 - Visiting attribute path : text
20:19:37,936 TRACE AbstractLoadPlanBuildingAssociationVisitationStrategy:547 - >> Starting attribute Attribute(name=text, type=string [non-identifier])
20:19:37,936 TRACE AbstractLoadPlanBuildingAssociationVisitationStrategy:628 - << Finishing up attribute : Attribute(name=text, type=string [non-identifier])
20:19:37,936 TRACE AbstractLoadPlanBuildingAssociationVisitationStrategy:120 - Popped fetch owner from stack : org.hibernate.loader.plan.build.internal.returns.EntityReturnImpl@48d5f34e
20:19:37,936 TRACE AbstractLoadPlanBuildingAssociationVisitationStrategy:208 -  Finished root entity : hibernate.firstexample.entity.Message
20:19:37,936 DEBUG FetchStyleLoadPlanBuildingAssociationVisitationStrategy:150 - Building LoadPlan...
20:19:37,936 DEBUG LoadQueryJoinAndFetchProcessor:101 - processing queryspace <gen:0>
20:19:37,936 DEBUG LoadPlanTreePrinter:55 - LoadPlan(entity=hibernate.firstexample.entity.Message)
    - Returns
       - EntityReturnImpl(entity=hibernate.firstexample.entity.Message, querySpaceUid=<gen:0>, path=hibernate.firstexample.entity.Message)
    - QuerySpaces
       - EntityQuerySpaceImpl(uid=<gen:0>, entity=hibernate.firstexample.entity.Message)
          - SQL table alias mapping - message0_
          - alias suffix - 0_
          - suffixed key columns - {ID1_0_0_}

20:19:37,936 DEBUG EntityLoader:115 - Static select for entity hibernate.firstexample.entity.Message [FORCE]: select message0_.ID as ID1_0_0_, message0_.TEXT as TEXT2_0_0_ from message message0_ where message0_.ID=? for update
20:19:37,936 TRACE AbstractLoadPlanBuildingAssociationVisitationStrategy:172 -  Starting root entity : hibernate.firstexample.entity.Message
20:19:37,936 DEBUG QuerySpacesImpl:174 - Adding QuerySpace : uid = <gen:0> -> org.hibernate.loader.plan.build.internal.spaces.EntityQuerySpaceImpl@fc258b1]
20:19:37,936 TRACE AbstractLoadPlanBuildingAssociationVisitationStrategy:113 - Pushing fetch source to stack : org.hibernate.loader.plan.build.internal.returns.EntityReturnImpl@6ff65192
20:19:37,936 TRACE AbstractLoadPlanBuildingAssociationVisitationStrategy:648 - .. Registering AssociationKey : AssociationKey(table=message, columns={ID}) -> org.hibernate.loader.plan.build.internal.returns.EntityReturnImpl@6ff65192
20:19:37,936 TRACE AbstractLoadPlanBuildingAssociationVisitationStrategy:239 - >> Starting entity identifier : hibernate.firstexample.entity.Message
20:19:37,936 DEBUG MetamodelGraphWalker:137 - Visiting attribute path : text
20:19:37,936 TRACE AbstractLoadPlanBuildingAssociationVisitationStrategy:547 - >> Starting attribute Attribute(name=text, type=string [non-identifier])
20:19:37,936 TRACE AbstractLoadPlanBuildingAssociationVisitationStrategy:628 - << Finishing up attribute : Attribute(name=text, type=string [non-identifier])
20:19:37,936 TRACE AbstractLoadPlanBuildingAssociationVisitationStrategy:120 - Popped fetch owner from stack : org.hibernate.loader.plan.build.internal.returns.EntityReturnImpl@6ff65192
20:19:37,936 TRACE AbstractLoadPlanBuildingAssociationVisitationStrategy:208 -  Finished root entity : hibernate.firstexample.entity.Message
20:19:37,936 DEBUG FetchStyleLoadPlanBuildingAssociationVisitationStrategy:150 - Building LoadPlan...
20:19:37,936 DEBUG LoadQueryJoinAndFetchProcessor:101 - processing queryspace <gen:0>
20:19:37,936 DEBUG LoadPlanTreePrinter:55 - LoadPlan(entity=hibernate.firstexample.entity.Message)
    - Returns
       - EntityReturnImpl(entity=hibernate.firstexample.entity.Message, querySpaceUid=<gen:0>, path=hibernate.firstexample.entity.Message)
    - QuerySpaces
       - EntityQuerySpaceImpl(uid=<gen:0>, entity=hibernate.firstexample.entity.Message)
          - SQL table alias mapping - message0_
          - alias suffix - 0_
          - suffixed key columns - {ID1_0_0_}

20:19:37,936 DEBUG EntityLoader:115 - Static select for entity hibernate.firstexample.entity.Message [PESSIMISTIC_READ]: select message0_.ID as ID1_0_0_, message0_.TEXT as TEXT2_0_0_ from message message0_ where message0_.ID=? lock in share mode
20:19:37,936 TRACE AbstractLoadPlanBuildingAssociationVisitationStrategy:172 -  Starting root entity : hibernate.firstexample.entity.Message
20:19:37,936 DEBUG QuerySpacesImpl:174 - Adding QuerySpace : uid = <gen:0> -> org.hibernate.loader.plan.build.internal.spaces.EntityQuerySpaceImpl@2dd80673]
20:19:37,936 TRACE AbstractLoadPlanBuildingAssociationVisitationStrategy:113 - Pushing fetch source to stack : org.hibernate.loader.plan.build.internal.returns.EntityReturnImpl@4af0df05
20:19:37,936 TRACE AbstractLoadPlanBuildingAssociationVisitationStrategy:648 - .. Registering AssociationKey : AssociationKey(table=message, columns={ID}) -> org.hibernate.loader.plan.build.internal.returns.EntityReturnImpl@4af0df05
20:19:37,936 TRACE AbstractLoadPlanBuildingAssociationVisitationStrategy:239 - >> Starting entity identifier : hibernate.firstexample.entity.Message
20:19:37,936 DEBUG MetamodelGraphWalker:137 - Visiting attribute path : text
20:19:37,936 TRACE AbstractLoadPlanBuildingAssociationVisitationStrategy:547 - >> Starting attribute Attribute(name=text, type=string [non-identifier])
20:19:37,936 TRACE AbstractLoadPlanBuildingAssociationVisitationStrategy:628 - << Finishing up attribute : Attribute(name=text, type=string [non-identifier])
20:19:37,936 TRACE AbstractLoadPlanBuildingAssociationVisitationStrategy:120 - Popped fetch owner from stack : org.hibernate.loader.plan.build.internal.returns.EntityReturnImpl@4af0df05
20:19:37,936 TRACE AbstractLoadPlanBuildingAssociationVisitationStrategy:208 -  Finished root entity : hibernate.firstexample.entity.Message
20:19:37,936 DEBUG FetchStyleLoadPlanBuildingAssociationVisitationStrategy:150 - Building LoadPlan...
20:19:37,936 DEBUG LoadQueryJoinAndFetchProcessor:101 - processing queryspace <gen:0>
20:19:37,936 DEBUG LoadPlanTreePrinter:55 - LoadPlan(entity=hibernate.firstexample.entity.Message)
    - Returns
       - EntityReturnImpl(entity=hibernate.firstexample.entity.Message, querySpaceUid=<gen:0>, path=hibernate.firstexample.entity.Message)
    - QuerySpaces
       - EntityQuerySpaceImpl(uid=<gen:0>, entity=hibernate.firstexample.entity.Message)
          - SQL table alias mapping - message0_
          - alias suffix - 0_
          - suffixed key columns - {ID1_0_0_}

20:19:37,936 DEBUG EntityLoader:115 - Static select for entity hibernate.firstexample.entity.Message [PESSIMISTIC_WRITE]: select message0_.ID as ID1_0_0_, message0_.TEXT as TEXT2_0_0_ from message message0_ where message0_.ID=? for update
20:19:37,936 TRACE AbstractLoadPlanBuildingAssociationVisitationStrategy:172 -  Starting root entity : hibernate.firstexample.entity.Message
20:19:37,936 DEBUG QuerySpacesImpl:174 - Adding QuerySpace : uid = <gen:0> -> org.hibernate.loader.plan.build.internal.spaces.EntityQuerySpaceImpl@57ea113a]
20:19:37,936 TRACE AbstractLoadPlanBuildingAssociationVisitationStrategy:113 - Pushing fetch source to stack : org.hibernate.loader.plan.build.internal.returns.EntityReturnImpl@acdb094
20:19:37,936 TRACE AbstractLoadPlanBuildingAssociationVisitationStrategy:648 - .. Registering AssociationKey : AssociationKey(table=message, columns={ID}) -> org.hibernate.loader.plan.build.internal.returns.EntityReturnImpl@acdb094
20:19:37,936 TRACE AbstractLoadPlanBuildingAssociationVisitationStrategy:239 - >> Starting entity identifier : hibernate.firstexample.entity.Message
20:19:37,936 DEBUG MetamodelGraphWalker:137 - Visiting attribute path : text
20:19:37,936 TRACE AbstractLoadPlanBuildingAssociationVisitationStrategy:547 - >> Starting attribute Attribute(name=text, type=string [non-identifier])
20:19:37,936 TRACE AbstractLoadPlanBuildingAssociationVisitationStrategy:628 - << Finishing up attribute : Attribute(name=text, type=string [non-identifier])
20:19:37,936 TRACE AbstractLoadPlanBuildingAssociationVisitationStrategy:120 - Popped fetch owner from stack : org.hibernate.loader.plan.build.internal.returns.EntityReturnImpl@acdb094
20:19:37,936 TRACE AbstractLoadPlanBuildingAssociationVisitationStrategy:208 -  Finished root entity : hibernate.firstexample.entity.Message
20:19:37,936 DEBUG FetchStyleLoadPlanBuildingAssociationVisitationStrategy:150 - Building LoadPlan...
20:19:37,936 DEBUG LoadQueryJoinAndFetchProcessor:101 - processing queryspace <gen:0>
20:19:37,936 DEBUG LoadPlanTreePrinter:55 - LoadPlan(entity=hibernate.firstexample.entity.Message)
    - Returns
       - EntityReturnImpl(entity=hibernate.firstexample.entity.Message, querySpaceUid=<gen:0>, path=hibernate.firstexample.entity.Message)
    - QuerySpaces
       - EntityQuerySpaceImpl(uid=<gen:0>, entity=hibernate.firstexample.entity.Message)
          - SQL table alias mapping - message0_
          - alias suffix - 0_
          - suffixed key columns - {ID1_0_0_}

20:19:37,936 DEBUG EntityLoader:115 - Static select for entity hibernate.firstexample.entity.Message [PESSIMISTIC_FORCE_INCREMENT]: select message0_.ID as ID1_0_0_, message0_.TEXT as TEXT2_0_0_ from message message0_ where message0_.ID=? for update
20:19:37,936 TRACE AbstractLoadPlanBuildingAssociationVisitationStrategy:172 -  Starting root entity : hibernate.firstexample.entity.Message
20:19:37,936 DEBUG QuerySpacesImpl:174 - Adding QuerySpace : uid = <gen:0> -> org.hibernate.loader.plan.build.internal.spaces.EntityQuerySpaceImpl@674bd420]
20:19:37,936 TRACE AbstractLoadPlanBuildingAssociationVisitationStrategy:113 - Pushing fetch source to stack : org.hibernate.loader.plan.build.internal.returns.EntityReturnImpl@2b0f373b
20:19:37,936 TRACE AbstractLoadPlanBuildingAssociationVisitationStrategy:648 - .. Registering AssociationKey : AssociationKey(table=message, columns={ID}) -> org.hibernate.loader.plan.build.internal.returns.EntityReturnImpl@2b0f373b
20:19:37,936 TRACE AbstractLoadPlanBuildingAssociationVisitationStrategy:239 - >> Starting entity identifier : hibernate.firstexample.entity.Message
20:19:37,936 DEBUG MetamodelGraphWalker:137 - Visiting attribute path : text
20:19:37,936 TRACE AbstractLoadPlanBuildingAssociationVisitationStrategy:547 - >> Starting attribute Attribute(name=text, type=string [non-identifier])
20:19:37,936 TRACE AbstractLoadPlanBuildingAssociationVisitationStrategy:628 - << Finishing up attribute : Attribute(name=text, type=string [non-identifier])
20:19:37,936 TRACE AbstractLoadPlanBuildingAssociationVisitationStrategy:120 - Popped fetch owner from stack : org.hibernate.loader.plan.build.internal.returns.EntityReturnImpl@2b0f373b
20:19:37,936 TRACE AbstractLoadPlanBuildingAssociationVisitationStrategy:208 -  Finished root entity : hibernate.firstexample.entity.Message
20:19:37,936 DEBUG FetchStyleLoadPlanBuildingAssociationVisitationStrategy:150 - Building LoadPlan...
20:19:37,936 DEBUG LoadQueryJoinAndFetchProcessor:101 - processing queryspace <gen:0>
20:19:37,936 DEBUG LoadPlanTreePrinter:55 - LoadPlan(entity=hibernate.firstexample.entity.Message)
    - Returns
       - EntityReturnImpl(entity=hibernate.firstexample.entity.Message, querySpaceUid=<gen:0>, path=hibernate.firstexample.entity.Message)
    - QuerySpaces
       - EntityQuerySpaceImpl(uid=<gen:0>, entity=hibernate.firstexample.entity.Message)
          - SQL table alias mapping - message0_
          - alias suffix - 0_
          - suffixed key columns - {ID1_0_0_}

20:19:37,936 DEBUG EntityLoader:115 - Static select for entity hibernate.firstexample.entity.Message [OPTIMISTIC]: select message0_.ID as ID1_0_0_, message0_.TEXT as TEXT2_0_0_ from message message0_ where message0_.ID=?
20:19:37,936 TRACE AbstractLoadPlanBuildingAssociationVisitationStrategy:172 -  Starting root entity : hibernate.firstexample.entity.Message
20:19:37,936 DEBUG QuerySpacesImpl:174 - Adding QuerySpace : uid = <gen:0> -> org.hibernate.loader.plan.build.internal.spaces.EntityQuerySpaceImpl@2ceb80a1]
20:19:37,936 TRACE AbstractLoadPlanBuildingAssociationVisitationStrategy:113 - Pushing fetch source to stack : org.hibernate.loader.plan.build.internal.returns.EntityReturnImpl@4b45dcb8
20:19:37,936 TRACE AbstractLoadPlanBuildingAssociationVisitationStrategy:648 - .. Registering AssociationKey : AssociationKey(table=message, columns={ID}) -> org.hibernate.loader.plan.build.internal.returns.EntityReturnImpl@4b45dcb8
20:19:37,936 TRACE AbstractLoadPlanBuildingAssociationVisitationStrategy:239 - >> Starting entity identifier : hibernate.firstexample.entity.Message
20:19:37,936 DEBUG MetamodelGraphWalker:137 - Visiting attribute path : text
20:19:37,936 TRACE AbstractLoadPlanBuildingAssociationVisitationStrategy:547 - >> Starting attribute Attribute(name=text, type=string [non-identifier])
20:19:37,936 TRACE AbstractLoadPlanBuildingAssociationVisitationStrategy:628 - << Finishing up attribute : Attribute(name=text, type=string [non-identifier])
20:19:37,936 TRACE AbstractLoadPlanBuildingAssociationVisitationStrategy:120 - Popped fetch owner from stack : org.hibernate.loader.plan.build.internal.returns.EntityReturnImpl@4b45dcb8
20:19:37,936 TRACE AbstractLoadPlanBuildingAssociationVisitationStrategy:208 -  Finished root entity : hibernate.firstexample.entity.Message
20:19:37,936 DEBUG FetchStyleLoadPlanBuildingAssociationVisitationStrategy:150 - Building LoadPlan...
20:19:37,936 DEBUG LoadQueryJoinAndFetchProcessor:101 - processing queryspace <gen:0>
20:19:37,936 DEBUG LoadPlanTreePrinter:55 - LoadPlan(entity=hibernate.firstexample.entity.Message)
    - Returns
       - EntityReturnImpl(entity=hibernate.firstexample.entity.Message, querySpaceUid=<gen:0>, path=hibernate.firstexample.entity.Message)
    - QuerySpaces
       - EntityQuerySpaceImpl(uid=<gen:0>, entity=hibernate.firstexample.entity.Message)
          - SQL table alias mapping - message0_
          - alias suffix - 0_
          - suffixed key columns - {ID1_0_0_}

20:19:37,936 DEBUG EntityLoader:115 - Static select for entity hibernate.firstexample.entity.Message [OPTIMISTIC_FORCE_INCREMENT]: select message0_.ID as ID1_0_0_, message0_.TEXT as TEXT2_0_0_ from message message0_ where message0_.ID=?
20:19:37,951 DEBUG Loader:38 - Static select for action ACTION_MERGE on entity hibernate.firstexample.entity.Message: select message0_.ID as ID1_0_0_, message0_.TEXT as TEXT2_0_0_ from message message0_ where message0_.ID=?
20:19:37,951 DEBUG Loader:38 - Static select for action ACTION_REFRESH on entity hibernate.firstexample.entity.Message: select message0_.ID as ID1_0_0_, message0_.TEXT as TEXT2_0_0_ from message message0_ where message0_.ID=?
20:19:37,951 TRACE MetadataContext:182 - Wrapping up metadata context...
20:19:37,951 TRACE MetadataContext:194 - Starting entity [hibernate.firstexample.entity.Message]
20:19:37,951 TRACE AttributeFactory:125 - Building identifier attribute [hibernate.firstexample.entity.Message.id]
20:19:37,951 TRACE AttributeFactory:454 - Starting attribute metadata determination [id]
20:19:37,951 TRACE AttributeFactory:459 -     Determined member [private java.lang.Long hibernate.firstexample.entity.Message.id]
20:19:37,951 TRACE AttributeFactory:463 -     Determined type [name=long, class=org.hibernate.type.LongType]
20:19:37,967 TRACE AttributeFactory:74 - Building attribute [hibernate.firstexample.entity.Message.text]
20:19:37,967 TRACE AttributeFactory:454 - Starting attribute metadata determination [text]
20:19:37,967 TRACE AttributeFactory:459 -     Determined member [private java.lang.String hibernate.firstexample.entity.Message.text]
20:19:37,967 TRACE AttributeFactory:463 -     Determined type [name=string, class=org.hibernate.type.StringType]
20:19:37,968 TRACE MetadataContext:225 - Completed entity [hibernate.firstexample.entity.Message]
20:19:37,972 DEBUG SchemaManagementToolCoordinator:56 - No actions specified; doing nothing
20:19:37,972 TRACE AbstractServiceRegistryImpl:229 - Initializing service [role=org.hibernate.engine.transaction.jta.platform.spi.JtaPlatform]
20:19:37,972 DEBUG JtaPlatformInitiator:42 - No JtaPlatform was specified, checking resolver
20:19:37,972 TRACE AbstractServiceRegistryImpl:229 - Initializing service [role=org.hibernate.engine.transaction.jta.platform.spi.JtaPlatformResolver]
20:19:37,973 DEBUG JtaPlatformResolverInitiator:33 - No JtaPlatformResolver was specified, using default [org.hibernate.engine.transaction.jta.platform.internal.StandardJtaPlatformResolver]
20:19:37,973 DEBUG StandardJtaPlatformResolver:102 - Could not resolve JtaPlatform, using default [org.hibernate.engine.transaction.jta.platform.internal.NoJtaPlatform]
20:19:37,973 DEBUG NamedQueryRepository:151 - Checking 0 named HQL queries
20:19:37,973 DEBUG NamedQueryRepository:167 - Checking 0 named SQL queries
20:19:37,973 DEBUG SessionFactoryRegistry:52 - Initializing SessionFactoryRegistry : org.hibernate.internal.SessionFactoryRegistry@78365cfa
20:19:37,973 TRACE AbstractServiceRegistryImpl:229 - Initializing service [role=org.hibernate.engine.jndi.spi.JndiService]
20:19:37,973 DEBUG SessionFactoryRegistry:74 - Registering SessionFactory: d8a89577-30af-441a-805d-1ae75a913fce (<unnamed>)
20:19:37,973 DEBUG SessionFactoryRegistry:81 - Not binding SessionFactory to JNDI, no JNDI name configured
20:19:37,973 TRACE SessionFactoryImpl$SessionBuilderImpl:1217 - Opening Hibernate Session.  tenant=null, owner=null
20:19:38,020 TRACE AbstractServiceRegistryImpl:229 - Initializing service [role=org.hibernate.stat.spi.StatisticsImplementor]
20:19:38,020 DEBUG StatisticsInitiator:82 - Statistics initialized [enabled=false]
20:19:38,036 TRACE SessionImpl:286 - Opened Session [7f504e25-5972-4780-b30a-b46282e5cef7] at timestamp: 15104495780
20:19:38,036 DEBUG TransactionImpl:55 - begin
20:19:38,036 TRACE AbstractLogicalConnectionImplementor:66 - Preparing to begin transaction via JDBC Connection.setAutoCommit(false)
20:19:38,036 TRACE AbstractLogicalConnectionImplementor:68 - Transaction begun via JDBC Connection.setAutoCommit(false)
20:19:38,036 TRACE JdbcResourceLocalTransactionCoordinatorImpl:150 - ResourceLocalTransactionCoordinatorImpl#afterBeginCallback
20:19:38,036 TRACE DefaultSaveOrUpdateEventListener:163 - Saving transient instance
20:19:38,051 TRACE AbstractSaveEventListener:157 - Saving [hibernate.firstexample.entity.Message#<null>]
20:19:38,051 TRACE ActionQueue:305 - Adding an EntityIdentityInsertAction for [hibernate.firstexample.entity.Message] object
20:19:38,051 TRACE ActionQueue:255 - Executing inserts before finding non-nullable transient entities for early insert: [EntityIdentityInsertAction[hibernate.firstexample.entity.Message#<null>]]
20:19:38,051 TRACE ActionQueue:260 - Adding insert with no non-nullable, transient entities: [EntityIdentityInsertAction[hibernate.firstexample.entity.Message#<null>]]
20:19:38,051 TRACE ActionQueue:277 - Executing insertions before resolved early-insert
20:19:38,051 DEBUG ActionQueue:279 - Executing identity-insert immediately
20:19:38,067 TRACE AbstractEntityPersister:2903 - Inserting entity: hibernate.firstexample.entity.Message (native id)
20:19:38,071 DEBUG SQL:92 - insert into message (TEXT) values (?)
20:19:38,073 TRACE ResourceRegistryStandardImpl:66 - Registering statement [com.mysql.cj.jdbc.PreparedStatement@1e63ec0b: insert into message (TEXT) values (** NOT SPECIFIED **)]
20:19:38,073 TRACE AbstractEntityPersister:2709 - Dehydrating entity: [hibernate.firstexample.entity.Message#<null>]
20:19:38,073 TRACE BasicBinder:65 - binding parameter [1] as [VARCHAR] - [Hello World with Hibernate & JPA Annotations 23]
20:19:38,073 DEBUG IdentifierGeneratorHelper:78 - Natively generated identity: 3
20:19:38,073 TRACE ResourceRegistryStandardImpl:102 - Releasing result set [com.mysql.cj.jdbc.result.ResultSetImpl@7894f09b]
20:19:38,073 DEBUG ResourceRegistryStandardImpl:115 - HHH000387: ResultSet's statement was not registered
20:19:38,073 TRACE ResourceRegistryStandardImpl:143 - Closing result set [com.mysql.cj.jdbc.result.ResultSetImpl@7894f09b]
20:19:38,073 TRACE ResourceRegistryStandardImpl:79 - Releasing statement [com.mysql.cj.jdbc.PreparedStatement@1e63ec0b: insert into message (TEXT) values ('Hello World with Hibernate & JPA Annotations 23')]
20:19:38,073 TRACE ResourceRegistryStandardImpl:159 - Closing prepared statement [com.mysql.cj.jdbc.PreparedStatement@1e63ec0b: insert into message (TEXT) values ('Hello World with Hibernate & JPA Annotations 23')]
20:19:38,073 TRACE JdbcCoordinatorImpl:269 - Starting after statement execution processing [AFTER_TRANSACTION]
20:19:38,073 DEBUG TransactionImpl:66 - committing
20:19:38,073 TRACE JdbcResourceLocalTransactionCoordinatorImpl:154 - ResourceLocalTransactionCoordinatorImpl#beforeCompletionCallback
20:19:38,073 TRACE SessionImpl:2412 - SessionImpl#beforeTransactionCompletion()
20:19:38,073 TRACE SessionImpl:492 - Automatically flushing session
20:19:38,073 TRACE AbstractFlushingEventListener:67 - Flushing session
20:19:38,073 DEBUG AbstractFlushingEventListener:132 - Processing flush-time cascades
20:19:38,073 DEBUG AbstractFlushingEventListener:174 - Dirty checking collections
20:19:38,073 TRACE AbstractFlushingEventListener:189 - Flushing entities and processing referenced collections
20:19:38,073 TRACE AbstractFlushingEventListener:232 - Processing unreferenced collections
20:19:38,073 TRACE AbstractFlushingEventListener:249 - Scheduling collection removes/(re)creates/updates
20:19:38,073 DEBUG AbstractFlushingEventListener:106 - Flushed: 0 insertions, 0 updates, 0 deletions to 1 objects
20:19:38,073 DEBUG AbstractFlushingEventListener:113 - Flushed: 0 (re)creations, 0 updates, 0 removals to 0 collections
20:19:38,073 DEBUG EntityPrinter:102 - Listing entities:
20:19:38,073 DEBUG EntityPrinter:109 - hibernate.firstexample.entity.Message{id=3, text=Hello World with Hibernate & JPA Annotations 23}
20:19:38,073 TRACE AbstractFlushingEventListener:325 - Executing flush
20:19:38,073 TRACE JdbcCoordinatorImpl:269 - Starting after statement execution processing [AFTER_TRANSACTION]
20:19:38,073 TRACE AbstractFlushingEventListener:357 - Post flush
20:19:38,089 TRACE SynchronizationRegistryStandardImpl:55 - SynchronizationRegistryStandardImpl.notifySynchronizationsBeforeTransactionCompletion
20:19:38,089 TRACE AbstractLogicalConnectionImplementor:80 - Preparing to commit transaction via JDBC Connection.commit()
20:19:38,136 TRACE AbstractLogicalConnectionImplementor:83 - Transaction committed via JDBC Connection.commit()
20:19:38,136 TRACE AbstractLogicalConnectionImplementor:53 - LogicalConnection#afterTransaction
20:19:38,136 TRACE ResourceRegistryStandardImpl:297 - Releasing JDBC resources
20:19:38,136 DEBUG LogicalConnectionManagedImpl:161 - Initiating JDBC connection release from afterTransaction
20:19:38,136 TRACE ResourceRegistryStandardImpl:297 - Releasing JDBC resources
20:19:38,136 TRACE JdbcResourceLocalTransactionCoordinatorImpl:172 - ResourceLocalTransactionCoordinatorImpl#afterCompletionCallback(true)
20:19:38,136 TRACE SynchronizationRegistryStandardImpl:159 - SynchronizationRegistryStandardImpl.notifySynchronizationsAfterTransactionCompletion(3)
20:19:38,136 TRACE AbstractLogicalConnectionImplementor:53 - LogicalConnection#afterTransaction
20:19:38,136 TRACE ResourceRegistryStandardImpl:297 - Releasing JDBC resources
20:19:38,136 DEBUG LogicalConnectionManagedImpl:161 - Initiating JDBC connection release from afterTransaction
20:19:38,136 TRACE SessionImpl:2425 - SessionImpl#afterTransactionCompletion(successful=true, delayed=false)
20:19:38,136 TRACE SessionImpl:406 - Closing session [7f504e25-5972-4780-b30a-b46282e5cef7]
20:19:38,136 TRACE JdbcCoordinatorImpl:179 - Closing JDBC container [org.hibernate.engine.jdbc.internal.JdbcCoordinatorImpl@619bfe29]
20:19:38,136 TRACE ResourceRegistryStandardImpl:297 - Releasing JDBC resources
20:19:38,136 TRACE LogicalConnectionManagedImpl:237 - Closing logical connection
20:19:38,136 TRACE LogicalConnectionManagedImpl:244 - Logical connection closed
20:20:07,498 DEBUG DriverManagerConnectionProviderImpl:51 - Connection pool now considered primed; min-size will be maintained
20:42:23,532 DEBUG SQL:92 - select message0_.ID as ID1_0_0_, message0_.TEXT as TEXT2_0_0_ from message message0_ where message0_.ID=?
20:42:23,543 TRACE BasicBinder:65 - binding parameter [1] as [BIGINT] - [3]
20:47:27,266 DEBUG SQL:92 - select message0_.ID as ID1_0_0_, message0_.TEXT as TEXT2_0_0_ from message message0_ where message0_.ID=?
20:47:27,270 TRACE BasicBinder:65 - binding parameter [1] as [BIGINT] - [2]
20:47:27,377 DEBUG SQL:92 - update message set TEXT=? where ID=?
20:47:27,377 TRACE BasicBinder:65 - binding parameter [1] as [VARCHAR] - [Hello World with Hibernate & JPA Annotations 22]
20:47:27,377 TRACE BasicBinder:65 - binding parameter [2] as [BIGINT] - [2]
20:49:45,484 DEBUG SQL:92 - select message0_.ID as ID1_0_0_, message0_.TEXT as TEXT2_0_0_ from message message0_ where message0_.ID=?
20:49:45,493 TRACE BasicBinder:65 - binding parameter [1] as [BIGINT] - [3]
20:49:45,556 DEBUG SQL:92 - delete from message where ID=?
20:49:45,556 TRACE BasicBinder:65 - binding parameter [1] as [BIGINT] - [3]
20:50:39,431 DEBUG SQL:92 - select message0_.ID as ID1_0_0_, message0_.TEXT as TEXT2_0_0_ from message message0_ where message0_.ID=?
20:50:39,449 TRACE BasicBinder:65 - binding parameter [1] as [BIGINT] - [1]
20:50:39,464 DEBUG SQL:92 - update message set TEXT=? where ID=?
20:50:39,464 TRACE BasicBinder:65 - binding parameter [1] as [VARCHAR] - [Hello World with Hibernate & JPA Annotations 21]
20:50:39,464 TRACE BasicBinder:65 - binding parameter [2] as [BIGINT] - [1]
20:51:06,252 DEBUG SQL:92 - insert into message (TEXT) values (?)
20:51:06,265 TRACE BasicBinder:65 - binding parameter [1] as [VARCHAR] - [Hello World with Hibernate & JPA Annotations 23]
